<?xml version="1.0" encoding="UTF-8"?>
<robot generator="Robot 7.0 (Python 3.10.0 on win32)" generated="2025-10-29T22:57:57.594386" rpa="false" schemaversion="5">
<suite id="s1" name="Testcases" source="C:\Users\91801\PycharmProjects\SauseLabs_ui_automation_with_robotFramework\testcases">
<suite id="s1-s1" name="E2EScenario" source="C:\Users\91801\PycharmProjects\SauseLabs_ui_automation_with_robotFramework\testcases\E2EScenario.robot">
<test id="s1-s1-t1" name="End To End Purchase Flow" line="15">
<kw name="Start Test Video Recording" owner="GlobalHooks" type="SETUP">
<kw name="Start Video Recording" owner="ScreenCapLibrary">
<msg time="2025-10-29T22:58:00.106890" level="INFO">Automatically setting a fps of 10.0</msg>
<doc>Starts the recording of a video in the background with the specified ``name``.
The recording can be stopped by calling the `Stop Video Recording` keyword.</doc>
<status status="PASS" start="2025-10-29T22:57:57.990323" elapsed="2.116567"/>
</kw>
<kw name="Replace String" owner="String">
<msg time="2025-10-29T22:58:00.106890" level="INFO">${sanitized_name} = End_To_End_Purchase_Flow</msg>
<var>${sanitized_name}</var>
<arg>${TEST NAME}</arg>
<arg>${SPACE}</arg>
<arg>_</arg>
<doc>Replaces ``search_for`` in the given ``string`` with ``replace_with``.</doc>
<status status="PASS" start="2025-10-29T22:58:00.106890" elapsed="0.000000"/>
</kw>
<kw name="Set Variable" owner="BuiltIn">
<msg time="2025-10-29T22:58:00.106890" level="INFO">${desired_filename} = End_To_End_Purchase_Flow.webm</msg>
<var>${desired_filename}</var>
<arg>${sanitized_name}.webm</arg>
<doc>Returns the given values which can then be assigned to a variables.</doc>
<status status="PASS" start="2025-10-29T22:58:00.106890" elapsed="0.000000"/>
</kw>
<kw name="Set Variable" owner="BuiltIn">
<msg time="2025-10-29T22:58:00.106890" level="INFO">${final_video_path} = C:\Users\91801\PycharmProjects\SauseLabs_ui_automation_with_robotFramework\Reports\20252910_225757\videos\End_To_End_Purchase_Flow.webm</msg>
<var>${final_video_path}</var>
<arg>${VIDEO_DIR}${/}${desired_filename}</arg>
<doc>Returns the given values which can then be assigned to a variables.</doc>
<status status="PASS" start="2025-10-29T22:58:00.106890" elapsed="0.000000"/>
</kw>
<kw name="Set Test Variable" owner="BuiltIn">
<msg time="2025-10-29T22:58:00.106890" level="INFO">${final_video_path} = C:\Users\91801\PycharmProjects\SauseLabs_ui_automation_with_robotFramework\Reports\20252910_225757\videos\End_To_End_Purchase_Flow.webm</msg>
<arg>${final_video_path}</arg>
<doc>Makes a variable available everywhere within the scope of the current test.</doc>
<status status="PASS" start="2025-10-29T22:58:00.106890" elapsed="0.000000"/>
</kw>
<kw name="Set Test Variable" owner="BuiltIn">
<msg time="2025-10-29T22:58:00.106890" level="INFO">${sanitized_name} = End_To_End_Purchase_Flow</msg>
<arg>${sanitized_name}</arg>
<doc>Makes a variable available everywhere within the scope of the current test.</doc>
<status status="PASS" start="2025-10-29T22:58:00.106890" elapsed="0.000000"/>
</kw>
<kw name="Log To Console" owner="BuiltIn">
<arg>Desired final video path: ${final_video_path}</arg>
<doc>Logs the given message to the console.</doc>
<status status="PASS" start="2025-10-29T22:58:00.106890" elapsed="0.000000"/>
</kw>
<doc>Starts video recording and saves the target path to a test variable.</doc>
<status status="PASS" start="2025-10-29T22:57:57.990323" elapsed="2.116567"/>
</kw>
<kw name="End To End Purchase Flow with Validations" owner="E2EScenario">
<kw name="Navigate to the Application" owner="GlobalHooks">
<kw name="Evaluate" owner="BuiltIn">
<msg time="2025-10-29T22:58:00.106890" level="INFO">${browser} = CHROME</msg>
<var>${browser}</var>
<arg>'${browser}'.strip().upper()</arg>
<doc>Evaluates the given expression in Python and returns the result.</doc>
<status status="PASS" start="2025-10-29T22:58:00.106890" elapsed="0.000000"/>
</kw>
<kw name="Set Variable" owner="BuiltIn">
<msg time="2025-10-29T22:58:00.106890" level="INFO">${options_required} = False</msg>
<var>${options_required}</var>
<arg>${False}</arg>
<doc>Returns the given values which can then be assigned to a variables.</doc>
<status status="PASS" start="2025-10-29T22:58:00.106890" elapsed="0.000000"/>
</kw>
<kw name="Set Variable" owner="BuiltIn">
<msg time="2025-10-29T22:58:00.106890" level="INFO">${is_headless} = False</msg>
<var>${is_headless}</var>
<arg>${False}</arg>
<doc>Returns the given values which can then be assigned to a variables.</doc>
<status status="PASS" start="2025-10-29T22:58:00.106890" elapsed="0.000000"/>
</kw>
<if>
<branch type="IF" condition="'CHROME' == '${browser}'">
<kw name="Set Variable" owner="BuiltIn">
<msg time="2025-10-29T22:58:00.106890" level="INFO">${options_required} = True</msg>
<var>${options_required}</var>
<arg>${True}</arg>
<doc>Returns the given values which can then be assigned to a variables.</doc>
<status status="PASS" start="2025-10-29T22:58:00.106890" elapsed="0.000000"/>
</kw>
<kw name="Catenate" owner="BuiltIn">
<msg time="2025-10-29T22:58:00.106890" level="INFO">${browser_headless} = CHROME_HEADLESS</msg>
<var>${browser_headless}</var>
<arg>SEPARATOR=</arg>
<arg>${browser}</arg>
<arg>_HEADLESS</arg>
<doc>Catenates the given items together and returns the resulted string.</doc>
<status status="PASS" start="2025-10-29T22:58:00.106890" elapsed="0.000000"/>
</kw>
<kw name="Run Keyword And Ignore Error" owner="BuiltIn">
<kw name="Set Variable" owner="BuiltIn">
<arg>${${browser_headless}}</arg>
<doc>Returns the given values which can then be assigned to a variables.</doc>
<status status="PASS" start="2025-10-29T22:58:00.122763" elapsed="0.000000"/>
</kw>
<msg time="2025-10-29T22:58:00.122763" level="INFO">${result} = ('PASS', True)</msg>
<var>${result}</var>
<arg>Set Variable</arg>
<arg>${${browser_headless}}</arg>
<doc>Runs the given keyword with the given arguments and ignores possible error.</doc>
<status status="PASS" start="2025-10-29T22:58:00.122763" elapsed="0.000000"/>
</kw>
<kw name="Set Variable If" owner="BuiltIn">
<msg time="2025-10-29T22:58:00.122763" level="INFO">${is_headless} = True</msg>
<var>${is_headless}</var>
<arg>'${result}[0]' == 'PASS'</arg>
<arg>${result}[1]</arg>
<arg>${False}</arg>
<doc>Sets variable based on the given condition.</doc>
<status status="PASS" start="2025-10-29T22:58:00.122763" elapsed="0.000000"/>
</kw>
<status status="PASS" start="2025-10-29T22:58:00.106890" elapsed="0.015873"/>
</branch>
<status status="PASS" start="2025-10-29T22:58:00.106890" elapsed="0.015873"/>
</if>
<if>
<branch type="IF" condition="${options_required}">
<kw name="Evaluate" owner="BuiltIn">
<msg time="2025-10-29T22:58:00.122763" level="INFO">${chrome_options} = &lt;selenium.webdriver.chrome.options.Options object at 0x0000022ABF6EAD10&gt;</msg>
<var>${chrome_options}</var>
<arg>sys.modules['selenium.webdriver.chrome.options'].Options()</arg>
<arg>sys</arg>
<doc>Evaluates the given expression in Python and returns the result.</doc>
<status status="PASS" start="2025-10-29T22:58:00.122763" elapsed="0.000000"/>
</kw>
<if>
<branch type="IF" condition="${is_headless}">
<kw name="Log To Console" owner="BuiltIn">
<arg>Running Chrome in Headless Mode.</arg>
<doc>Logs the given message to the console.</doc>
<status status="PASS" start="2025-10-29T22:58:00.122763" elapsed="0.000000"/>
</kw>
<kw name="Call Method" owner="BuiltIn">
<arg>${chrome_options}</arg>
<arg>add_argument</arg>
<arg>--headless</arg>
<doc>Calls the named method of the given object with the provided arguments.</doc>
<status status="PASS" start="2025-10-29T22:58:00.122763" elapsed="0.000000"/>
</kw>
<status status="PASS" start="2025-10-29T22:58:00.122763" elapsed="0.000000"/>
</branch>
<status status="PASS" start="2025-10-29T22:58:00.122763" elapsed="0.000000"/>
</if>
<kw name="Create Dictionary" owner="BuiltIn">
<msg time="2025-10-29T22:58:00.122763" level="INFO">${prefs} = {'credentials_enable_service': False, 'profile.password_manager_enabled': False, 'profile.password_manager_leak_detection': False}</msg>
<var>${prefs}</var>
<arg>credentials_enable_service=${False}</arg>
<arg>profile.password_manager_enabled=${False}</arg>
<arg>profile.password_manager_leak_detection=${False}</arg>
<doc>Creates and returns a dictionary based on the given ``items``.</doc>
<status status="PASS" start="2025-10-29T22:58:00.122763" elapsed="0.000000"/>
</kw>
<kw name="Call Method" owner="BuiltIn">
<arg>${chrome_options}</arg>
<arg>add_experimental_option</arg>
<arg>prefs</arg>
<arg>${prefs}</arg>
<doc>Calls the named method of the given object with the provided arguments.</doc>
<status status="PASS" start="2025-10-29T22:58:00.122763" elapsed="0.000000"/>
</kw>
<kw name="Open Browser" owner="SeleniumLibrary">
<msg time="2025-10-29T22:58:00.122763" level="INFO">Opening browser 'CHROME' to base url 'https://www.saucedemo.com/'.</msg>
<arg>${url}</arg>
<arg>${browser}</arg>
<arg>options=${chrome_options}</arg>
<doc>Opens a new browser instance to the optional ``url``.</doc>
<status status="PASS" start="2025-10-29T22:58:00.122763" elapsed="2.288946"/>
</kw>
<status status="PASS" start="2025-10-29T22:58:00.122763" elapsed="2.288946"/>
</branch>
<branch type="ELSE">
<kw name="Open Browser" owner="SeleniumLibrary">
<arg>${url}</arg>
<arg>${browser}</arg>
<doc>Opens a new browser instance to the optional ``url``.</doc>
<status status="NOT RUN" start="2025-10-29T22:58:02.411709" elapsed="0.000000"/>
</kw>
<status status="NOT RUN" start="2025-10-29T22:58:02.411709" elapsed="0.000000"/>
</branch>
<status status="PASS" start="2025-10-29T22:58:00.122763" elapsed="2.288946"/>
</if>
<kw name="Log Message" owner="CommonKeywords">
<msg time="2025-10-29T22:58:02.415731" level="INFO">Navigated to URL: https://www.saucedemo.com/ using browser: CHROME</msg>
<arg>Navigated to URL: ${url} using browser: ${browser}</arg>
<status status="PASS" start="2025-10-29T22:58:02.411709" elapsed="0.004022"/>
</kw>
<kw name="Maximize Browser Window" owner="SeleniumLibrary">
<doc>Maximizes current browser window.</doc>
<status status="PASS" start="2025-10-29T22:58:02.415731" elapsed="0.028031"/>
</kw>
<arg>${LOGIN_URL}</arg>
<arg>${BROWSER}</arg>
<status status="PASS" start="2025-10-29T22:58:00.106890" elapsed="2.337859"/>
</kw>
<kw name="Login With Credentials" owner="login_pom">
<kw name="Wait Until Element Is Visible" owner="SeleniumLibrary">
<arg>${User_name_loc}</arg>
<arg>timeout=10s</arg>
<doc>Waits until the element ``locator`` is visible.</doc>
<status status="PASS" start="2025-10-29T22:58:02.446765" elapsed="0.040244"/>
</kw>
<kw name="Input Text" owner="SeleniumLibrary">
<msg time="2025-10-29T22:58:02.487009" level="INFO">Typing text 'standard_user' into text field 'id:user-name'.</msg>
<arg>${User_name_loc}</arg>
<arg>${username_val}</arg>
<doc>Types the given ``text`` into the text field identified by ``locator``.</doc>
<status status="PASS" start="2025-10-29T22:58:02.487009" elapsed="0.122580"/>
</kw>
<kw name="Input Text" owner="SeleniumLibrary">
<msg time="2025-10-29T22:58:02.609589" level="INFO">Typing text 'secret_sauce' into text field 'id:password'.</msg>
<arg>${Pass_word_loc}</arg>
<arg>${password_val}</arg>
<doc>Types the given ``text`` into the text field identified by ``locator``.</doc>
<status status="PASS" start="2025-10-29T22:58:02.609589" elapsed="0.098725"/>
</kw>
<kw name="Capture Unique Screenshot" owner="CommonKeywords">
<msg time="2025-10-29T22:58:02.932349" level="INFO" html="true">&lt;/td&gt;&lt;/tr&gt;&lt;tr&gt;&lt;td colspan="3"&gt;&lt;a href="screenshots/End_To_End_Purchase_Flow/login.png"&gt;&lt;img src="screenshots/End_To_End_Purchase_Flow/login.png" width="800px"&gt;&lt;/a&gt;</msg>
<arg>login.png</arg>
<doc>Capture a screenshot with correct window size.
- Creates per-test folders.
- Adds '.png' only if not present.
- Optionally captures the full page (not just viewport).</doc>
<status status="PASS" start="2025-10-29T22:58:02.708314" elapsed="0.226258"/>
</kw>
<kw name="Click Button" owner="SeleniumLibrary">
<msg time="2025-10-29T22:58:02.934572" level="INFO">Clicking button 'id:login-button'.</msg>
<arg>${Login_Button}</arg>
<doc>Clicks the button identified by ``locator``.</doc>
<status status="PASS" start="2025-10-29T22:58:02.934572" elapsed="0.109172"/>
</kw>
<kw name="Capture Unique Screenshot" owner="CommonKeywords">
<msg time="2025-10-29T22:58:03.670218" level="INFO" html="true">&lt;/td&gt;&lt;/tr&gt;&lt;tr&gt;&lt;td colspan="3"&gt;&lt;a href="screenshots/End_To_End_Purchase_Flow/after_login.png"&gt;&lt;img src="screenshots/End_To_End_Purchase_Flow/after_login.png" width="800px"&gt;&lt;/a&gt;</msg>
<arg>after_login.png</arg>
<doc>Capture a screenshot with correct window size.
- Creates per-test folders.
- Adds '.png' only if not present.
- Optionally captures the full page (not just viewport).</doc>
<status status="PASS" start="2025-10-29T22:58:03.043744" elapsed="0.626474"/>
</kw>
<kw name="Log Message" owner="CommonKeywords">
<msg time="2025-10-29T22:58:03.670218" level="INFO">Logged in successfully with user: standard_user</msg>
<arg>Logged in successfully with user: ${username_val}</arg>
<status status="PASS" start="2025-10-29T22:58:03.670218" elapsed="0.000000"/>
</kw>
<arg>${User_name}</arg>
<arg>${Pass_word}</arg>
<status status="PASS" start="2025-10-29T22:58:02.444749" elapsed="1.225469"/>
</kw>
<kw name="Add Items To Cart" owner="add_to_cart_pom">
<kw name="Create Dictionary" owner="BuiltIn">
<msg time="2025-10-29T22:58:03.671216" level="INFO">${item_price_map} = {}</msg>
<var>${item_price_map}</var>
<doc>Creates and returns a dictionary based on the given ``items``.</doc>
<status status="PASS" start="2025-10-29T22:58:03.671216" elapsed="0.000000"/>
</kw>
<for flavor="IN">
<iter>
<kw name="Log To Console" owner="BuiltIn">
<arg>${item}</arg>
<doc>Logs the given message to the console.</doc>
<status status="PASS" start="2025-10-29T22:58:03.672252" elapsed="0.000000"/>
</kw>
<kw name="Format Arguments" owner="CommonKeywords">
<msg time="2025-10-29T22:58:03.672252" level="INFO">${locator} = xpath://div[@class='inventory_item_name ' and text()='Sauce Labs Backpack']/ancestor::div[@class='inventory_item_description']//button[text()='Add to cart']</msg>
<var>${locator}</var>
<arg>${ADD_ITEM_BUTTON}</arg>
<arg>${item}</arg>
<doc>An example keyword that takes two arguments.</doc>
<status status="PASS" start="2025-10-29T22:58:03.672252" elapsed="0.000000"/>
</kw>
<kw name="Format Arguments" owner="CommonKeywords">
<msg time="2025-10-29T22:58:03.673251" level="INFO">${price_locator} = //div[normalize-space()='Sauce Labs Backpack']/ancestor::div[@data-test = 'inventory-item']//div[@class='inventory_item_price']</msg>
<var>${price_locator}</var>
<arg>${Item_Price}</arg>
<arg>${item}</arg>
<doc>An example keyword that takes two arguments.</doc>
<status status="PASS" start="2025-10-29T22:58:03.672252" elapsed="0.000999"/>
</kw>
<kw name="Get Text" owner="SeleniumLibrary">
<msg time="2025-10-29T22:58:03.697010" level="INFO">${price_text} = $29.99</msg>
<var>${price_text}</var>
<arg>${price_locator}</arg>
<doc>Returns the text value of the element identified by ``locator``.</doc>
<status status="PASS" start="2025-10-29T22:58:03.673251" elapsed="0.023759"/>
</kw>
<kw name="Log Message" owner="CommonKeywords">
<msg time="2025-10-29T22:58:03.698043" level="INFO">Adding item to cart: Sauce Labs Backpack | Price: $29.99</msg>
<arg>Adding item to cart: ${item} | Price: ${price_text}</arg>
<status status="PASS" start="2025-10-29T22:58:03.697010" elapsed="0.001033"/>
</kw>
<kw name="Click Button" owner="SeleniumLibrary">
<msg time="2025-10-29T22:58:03.698043" level="INFO">Clicking button 'xpath://div[@class='inventory_item_name ' and text()='Sauce Labs Backpack']/ancestor::div[@class='inventory_item_description']//button[text()='Add to cart']'.</msg>
<arg>${locator}</arg>
<doc>Clicks the button identified by ``locator``.</doc>
<status status="PASS" start="2025-10-29T22:58:03.698043" elapsed="0.078830"/>
</kw>
<kw name="Set To Dictionary" owner="Collections">
<arg>${item_price_map}</arg>
<arg>${item}=${price_text}</arg>
<doc>Adds the given ``key_value_pairs`` and/or ``items`` to the ``dictionary``.</doc>
<status status="PASS" start="2025-10-29T22:58:03.776873" elapsed="0.000000"/>
</kw>
<var name="${item}">Sauce Labs Backpack</var>
<status status="PASS" start="2025-10-29T22:58:03.671216" elapsed="0.105657"/>
</iter>
<iter>
<kw name="Log To Console" owner="BuiltIn">
<arg>${item}</arg>
<doc>Logs the given message to the console.</doc>
<status status="PASS" start="2025-10-29T22:58:03.776873" elapsed="0.000000"/>
</kw>
<kw name="Format Arguments" owner="CommonKeywords">
<msg time="2025-10-29T22:58:03.784970" level="INFO">${locator} = xpath://div[@class='inventory_item_name ' and text()='Sauce Labs Bike Light']/ancestor::div[@class='inventory_item_description']//button[text()='Add to cart']</msg>
<var>${locator}</var>
<arg>${ADD_ITEM_BUTTON}</arg>
<arg>${item}</arg>
<doc>An example keyword that takes two arguments.</doc>
<status status="PASS" start="2025-10-29T22:58:03.784437" elapsed="0.000533"/>
</kw>
<kw name="Format Arguments" owner="CommonKeywords">
<msg time="2025-10-29T22:58:03.784970" level="INFO">${price_locator} = //div[normalize-space()='Sauce Labs Bike Light']/ancestor::div[@data-test = 'inventory-item']//div[@class='inventory_item_price']</msg>
<var>${price_locator}</var>
<arg>${Item_Price}</arg>
<arg>${item}</arg>
<doc>An example keyword that takes two arguments.</doc>
<status status="PASS" start="2025-10-29T22:58:03.784970" elapsed="0.000000"/>
</kw>
<kw name="Get Text" owner="SeleniumLibrary">
<msg time="2025-10-29T22:58:03.807904" level="INFO">${price_text} = $9.99</msg>
<var>${price_text}</var>
<arg>${price_locator}</arg>
<doc>Returns the text value of the element identified by ``locator``.</doc>
<status status="PASS" start="2025-10-29T22:58:03.786013" elapsed="0.022926"/>
</kw>
<kw name="Log Message" owner="CommonKeywords">
<msg time="2025-10-29T22:58:03.808939" level="INFO">Adding item to cart: Sauce Labs Bike Light | Price: $9.99</msg>
<arg>Adding item to cart: ${item} | Price: ${price_text}</arg>
<status status="PASS" start="2025-10-29T22:58:03.808939" elapsed="0.000000"/>
</kw>
<kw name="Click Button" owner="SeleniumLibrary">
<msg time="2025-10-29T22:58:03.809941" level="INFO">Clicking button 'xpath://div[@class='inventory_item_name ' and text()='Sauce Labs Bike Light']/ancestor::div[@class='inventory_item_description']//button[text()='Add to cart']'.</msg>
<arg>${locator}</arg>
<doc>Clicks the button identified by ``locator``.</doc>
<status status="PASS" start="2025-10-29T22:58:03.808939" elapsed="0.063522"/>
</kw>
<kw name="Set To Dictionary" owner="Collections">
<arg>${item_price_map}</arg>
<arg>${item}=${price_text}</arg>
<doc>Adds the given ``key_value_pairs`` and/or ``items`` to the ``dictionary``.</doc>
<status status="PASS" start="2025-10-29T22:58:03.872461" elapsed="0.000000"/>
</kw>
<var name="${item}">Sauce Labs Bike Light</var>
<status status="PASS" start="2025-10-29T22:58:03.776873" elapsed="0.095588"/>
</iter>
<iter>
<kw name="Log To Console" owner="BuiltIn">
<arg>${item}</arg>
<doc>Logs the given message to the console.</doc>
<status status="PASS" start="2025-10-29T22:58:03.872461" elapsed="0.000000"/>
</kw>
<kw name="Format Arguments" owner="CommonKeywords">
<msg time="2025-10-29T22:58:03.872461" level="INFO">${locator} = xpath://div[@class='inventory_item_name ' and text()='Sauce Labs Bolt T-Shirt']/ancestor::div[@class='inventory_item_description']//button[text()='Add to cart']</msg>
<var>${locator}</var>
<arg>${ADD_ITEM_BUTTON}</arg>
<arg>${item}</arg>
<doc>An example keyword that takes two arguments.</doc>
<status status="PASS" start="2025-10-29T22:58:03.872461" elapsed="0.000000"/>
</kw>
<kw name="Format Arguments" owner="CommonKeywords">
<msg time="2025-10-29T22:58:03.872461" level="INFO">${price_locator} = //div[normalize-space()='Sauce Labs Bolt T-Shirt']/ancestor::div[@data-test = 'inventory-item']//div[@class='inventory_item_price']</msg>
<var>${price_locator}</var>
<arg>${Item_Price}</arg>
<arg>${item}</arg>
<doc>An example keyword that takes two arguments.</doc>
<status status="PASS" start="2025-10-29T22:58:03.872461" elapsed="0.000000"/>
</kw>
<kw name="Get Text" owner="SeleniumLibrary">
<msg time="2025-10-29T22:58:03.903992" level="INFO">${price_text} = $15.99</msg>
<var>${price_text}</var>
<arg>${price_locator}</arg>
<doc>Returns the text value of the element identified by ``locator``.</doc>
<status status="PASS" start="2025-10-29T22:58:03.872461" elapsed="0.031531"/>
</kw>
<kw name="Log Message" owner="CommonKeywords">
<msg time="2025-10-29T22:58:03.904991" level="INFO">Adding item to cart: Sauce Labs Bolt T-Shirt | Price: $15.99</msg>
<arg>Adding item to cart: ${item} | Price: ${price_text}</arg>
<status status="PASS" start="2025-10-29T22:58:03.904991" elapsed="0.000000"/>
</kw>
<kw name="Click Button" owner="SeleniumLibrary">
<msg time="2025-10-29T22:58:03.905992" level="INFO">Clicking button 'xpath://div[@class='inventory_item_name ' and text()='Sauce Labs Bolt T-Shirt']/ancestor::div[@class='inventory_item_description']//button[text()='Add to cart']'.</msg>
<arg>${locator}</arg>
<doc>Clicks the button identified by ``locator``.</doc>
<status status="PASS" start="2025-10-29T22:58:03.905992" elapsed="0.069552"/>
</kw>
<kw name="Set To Dictionary" owner="Collections">
<arg>${item_price_map}</arg>
<arg>${item}=${price_text}</arg>
<doc>Adds the given ``key_value_pairs`` and/or ``items`` to the ``dictionary``.</doc>
<status status="PASS" start="2025-10-29T22:58:03.975544" elapsed="0.000000"/>
</kw>
<var name="${item}">Sauce Labs Bolt T-Shirt</var>
<status status="PASS" start="2025-10-29T22:58:03.872461" elapsed="0.103083"/>
</iter>
<var>${item}</var>
<value>@{items}</value>
<status status="PASS" start="2025-10-29T22:58:03.671216" elapsed="0.304328"/>
</for>
<kw name="Log Message" owner="CommonKeywords">
<msg time="2025-10-29T22:58:03.975544" level="INFO">Items added to cart successfully: ['Sauce Labs Backpack', 'Sauce Labs Bike Light', 'Sauce Labs Bolt T-Shirt']</msg>
<arg>Items added to cart successfully: @{items}</arg>
<status status="PASS" start="2025-10-29T22:58:03.975544" elapsed="0.000000"/>
</kw>
<return>
<value>${item_price_map}</value>
<status status="PASS" start="2025-10-29T22:58:03.975544" elapsed="0.000000"/>
</return>
<msg time="2025-10-29T22:58:03.975544" level="INFO">${Items_map} = {'Sauce Labs Backpack': '$29.99', 'Sauce Labs Bike Light': '$9.99', 'Sauce Labs Bolt T-Shirt': '$15.99'}</msg>
<var>${Items_map}</var>
<arg>@{ITEMS}</arg>
<status status="PASS" start="2025-10-29T22:58:03.671216" elapsed="0.304328"/>
</kw>
<kw name="Verify the Cart Count" owner="add_to_cart_pom">
<kw name="Get Text" owner="SeleniumLibrary">
<msg time="2025-10-29T22:58:04.001805" level="INFO">${cart_count} = 3</msg>
<var>${cart_count}</var>
<arg>${CART_ICON}</arg>
<doc>Returns the text value of the element identified by ``locator``.</doc>
<status status="PASS" start="2025-10-29T22:58:03.975544" elapsed="0.026261"/>
</kw>
<kw name="Get Length" owner="BuiltIn">
<msg time="2025-10-29T22:58:04.001805" level="INFO">Length is 3.</msg>
<msg time="2025-10-29T22:58:04.002884" level="INFO">${expected_count} = 3</msg>
<var>${expected_count}</var>
<arg>${items}</arg>
<doc>Returns and logs the length of the given item as an integer.</doc>
<status status="PASS" start="2025-10-29T22:58:04.001805" elapsed="0.001079"/>
</kw>
<kw name="Should Be Equal As Strings" owner="BuiltIn">
<msg time="2025-10-29T22:58:04.002884" level="INFO">Argument types are:
&lt;class 'str'&gt;
&lt;class 'int'&gt;</msg>
<arg>${cart_count}</arg>
<arg>${expected_count}</arg>
<doc>Fails if objects are unequal after converting them to strings.</doc>
<status status="PASS" start="2025-10-29T22:58:04.002884" elapsed="0.000000"/>
</kw>
<kw name="Log Message" owner="CommonKeywords">
<msg time="2025-10-29T22:58:04.002884" level="INFO">Items added to cart:3 verified cart count: 3</msg>
<arg>Items added to cart:${expected_count} verified cart count: ${cart_count}</arg>
<status status="PASS" start="2025-10-29T22:58:04.002884" elapsed="0.000999"/>
</kw>
<kw name="Capture Unique Screenshot" owner="CommonKeywords">
<msg time="2025-10-29T22:58:04.471584" level="INFO" html="true">&lt;/td&gt;&lt;/tr&gt;&lt;tr&gt;&lt;td colspan="3"&gt;&lt;a href="screenshots/End_To_End_Purchase_Flow/items_added_to_cart.png"&gt;&lt;img src="screenshots/End_To_End_Purchase_Flow/items_added_to_cart.png" width="800px"&gt;&lt;/a&gt;</msg>
<arg>items_added_to_cart.png</arg>
<doc>Capture a screenshot with correct window size.
- Creates per-test folders.
- Adds '.png' only if not present.
- Optionally captures the full page (not just viewport).</doc>
<status status="PASS" start="2025-10-29T22:58:04.004888" elapsed="0.466696"/>
</kw>
<arg>@{ITEMS}</arg>
<status status="PASS" start="2025-10-29T22:58:03.975544" elapsed="0.496040"/>
</kw>
<kw name="Go to Cart" owner="add_to_cart_pom">
<kw name="Click Element" owner="SeleniumLibrary">
<msg time="2025-10-29T22:58:04.472614" level="INFO">Clicking element 'id:shopping_cart_container'.</msg>
<arg>${CART_ICON}</arg>
<doc>Click the element identified by ``locator``.</doc>
<status status="PASS" start="2025-10-29T22:58:04.472614" elapsed="0.063545"/>
</kw>
<status status="PASS" start="2025-10-29T22:58:04.471584" elapsed="0.064575"/>
</kw>
<kw name="Verify Item Prices in Cart" owner="add_to_cart_pom">
<kw name="Verify Item Prices" owner="add_to_cart_pom">
<for flavor="IN">
<iter>
<kw name="Format Arguments" owner="CommonKeywords">
<msg time="2025-10-29T22:58:04.539142" level="INFO">${item_locator} = xpath://div[@class='inventory_item_name' and text()='Sauce Labs Backpack']</msg>
<var>${item_locator}</var>
<arg>${ITEM_TITLE}</arg>
<arg>${item}</arg>
<doc>An example keyword that takes two arguments.</doc>
<status status="PASS" start="2025-10-29T22:58:04.539142" elapsed="0.000000"/>
</kw>
<kw name="Element Should Be Visible" owner="SeleniumLibrary">
<msg time="2025-10-29T22:58:04.568701" level="INFO">Element 'xpath://div[@class='inventory_item_name' and text()='Sauce Labs Backpack']' is displayed.</msg>
<arg>${item_locator}</arg>
<doc>Verifies that the element identified by ``locator`` is visible.</doc>
<status status="PASS" start="2025-10-29T22:58:04.540138" elapsed="0.028563"/>
</kw>
<kw name="Format Arguments" owner="CommonKeywords">
<msg time="2025-10-29T22:58:04.569738" level="INFO">${price_locator} = //div[normalize-space()='Sauce Labs Backpack']/ancestor::div[@data-test = 'inventory-item']//div[@class='inventory_item_price']</msg>
<var>${price_locator}</var>
<arg>${Item_Price}</arg>
<arg>${item}</arg>
<doc>An example keyword that takes two arguments.</doc>
<status status="PASS" start="2025-10-29T22:58:04.568701" elapsed="0.001037"/>
</kw>
<kw name="Get Text" owner="SeleniumLibrary">
<msg time="2025-10-29T22:58:04.585994" level="INFO">${actual_price} = $29.99</msg>
<var>${actual_price}</var>
<arg>${price_locator}</arg>
<doc>Returns the text value of the element identified by ``locator``.</doc>
<status status="PASS" start="2025-10-29T22:58:04.569738" elapsed="0.016256"/>
</kw>
<kw name="Should Be Equal As Strings" owner="BuiltIn">
<arg>${actual_price}</arg>
<arg>${expected_price}</arg>
<doc>Fails if objects are unequal after converting them to strings.</doc>
<status status="PASS" start="2025-10-29T22:58:04.585994" elapsed="0.000000"/>
</kw>
<kw name="Log Message" owner="CommonKeywords">
<msg time="2025-10-29T22:58:04.585994" level="INFO">Price for item: Sauce Labs Backpack verified successfully. Expected: $29.99, Actual: $29.99</msg>
<arg>Price for item: ${item} verified successfully. Expected: ${expected_price}, Actual: ${actual_price}</arg>
<status status="PASS" start="2025-10-29T22:58:04.585994" elapsed="0.000000"/>
</kw>
<var name="${item}">Sauce Labs Backpack</var>
<var name="${expected_price}">$29.99</var>
<status status="PASS" start="2025-10-29T22:58:04.538143" elapsed="0.047851"/>
</iter>
<iter>
<kw name="Format Arguments" owner="CommonKeywords">
<msg time="2025-10-29T22:58:04.585994" level="INFO">${item_locator} = xpath://div[@class='inventory_item_name' and text()='Sauce Labs Bike Light']</msg>
<var>${item_locator}</var>
<arg>${ITEM_TITLE}</arg>
<arg>${item}</arg>
<doc>An example keyword that takes two arguments.</doc>
<status status="PASS" start="2025-10-29T22:58:04.585994" elapsed="0.000000"/>
</kw>
<kw name="Element Should Be Visible" owner="SeleniumLibrary">
<msg time="2025-10-29T22:58:04.601766" level="INFO">Element 'xpath://div[@class='inventory_item_name' and text()='Sauce Labs Bike Light']' is displayed.</msg>
<arg>${item_locator}</arg>
<doc>Verifies that the element identified by ``locator`` is visible.</doc>
<status status="PASS" start="2025-10-29T22:58:04.585994" elapsed="0.015772"/>
</kw>
<kw name="Format Arguments" owner="CommonKeywords">
<msg time="2025-10-29T22:58:04.601766" level="INFO">${price_locator} = //div[normalize-space()='Sauce Labs Bike Light']/ancestor::div[@data-test = 'inventory-item']//div[@class='inventory_item_price']</msg>
<var>${price_locator}</var>
<arg>${Item_Price}</arg>
<arg>${item}</arg>
<doc>An example keyword that takes two arguments.</doc>
<status status="PASS" start="2025-10-29T22:58:04.601766" elapsed="0.000000"/>
</kw>
<kw name="Get Text" owner="SeleniumLibrary">
<msg time="2025-10-29T22:58:04.617763" level="INFO">${actual_price} = $9.99</msg>
<var>${actual_price}</var>
<arg>${price_locator}</arg>
<doc>Returns the text value of the element identified by ``locator``.</doc>
<status status="PASS" start="2025-10-29T22:58:04.601766" elapsed="0.015997"/>
</kw>
<kw name="Should Be Equal As Strings" owner="BuiltIn">
<arg>${actual_price}</arg>
<arg>${expected_price}</arg>
<doc>Fails if objects are unequal after converting them to strings.</doc>
<status status="PASS" start="2025-10-29T22:58:04.617763" elapsed="0.000000"/>
</kw>
<kw name="Log Message" owner="CommonKeywords">
<msg time="2025-10-29T22:58:04.617763" level="INFO">Price for item: Sauce Labs Bike Light verified successfully. Expected: $9.99, Actual: $9.99</msg>
<arg>Price for item: ${item} verified successfully. Expected: ${expected_price}, Actual: ${actual_price}</arg>
<status status="PASS" start="2025-10-29T22:58:04.617763" elapsed="0.000000"/>
</kw>
<var name="${item}">Sauce Labs Bike Light</var>
<var name="${expected_price}">$9.99</var>
<status status="PASS" start="2025-10-29T22:58:04.585994" elapsed="0.031769"/>
</iter>
<iter>
<kw name="Format Arguments" owner="CommonKeywords">
<msg time="2025-10-29T22:58:04.617763" level="INFO">${item_locator} = xpath://div[@class='inventory_item_name' and text()='Sauce Labs Bolt T-Shirt']</msg>
<var>${item_locator}</var>
<arg>${ITEM_TITLE}</arg>
<arg>${item}</arg>
<doc>An example keyword that takes two arguments.</doc>
<status status="PASS" start="2025-10-29T22:58:04.617763" elapsed="0.000000"/>
</kw>
<kw name="Element Should Be Visible" owner="SeleniumLibrary">
<msg time="2025-10-29T22:58:04.649136" level="INFO">Element 'xpath://div[@class='inventory_item_name' and text()='Sauce Labs Bolt T-Shirt']' is displayed.</msg>
<arg>${item_locator}</arg>
<doc>Verifies that the element identified by ``locator`` is visible.</doc>
<status status="PASS" start="2025-10-29T22:58:04.617763" elapsed="0.031373"/>
</kw>
<kw name="Format Arguments" owner="CommonKeywords">
<msg time="2025-10-29T22:58:04.649136" level="INFO">${price_locator} = //div[normalize-space()='Sauce Labs Bolt T-Shirt']/ancestor::div[@data-test = 'inventory-item']//div[@class='inventory_item_price']</msg>
<var>${price_locator}</var>
<arg>${Item_Price}</arg>
<arg>${item}</arg>
<doc>An example keyword that takes two arguments.</doc>
<status status="PASS" start="2025-10-29T22:58:04.649136" elapsed="0.000000"/>
</kw>
<kw name="Get Text" owner="SeleniumLibrary">
<msg time="2025-10-29T22:58:04.671985" level="INFO">${actual_price} = $15.99</msg>
<var>${actual_price}</var>
<arg>${price_locator}</arg>
<doc>Returns the text value of the element identified by ``locator``.</doc>
<status status="PASS" start="2025-10-29T22:58:04.649136" elapsed="0.022849"/>
</kw>
<kw name="Should Be Equal As Strings" owner="BuiltIn">
<arg>${actual_price}</arg>
<arg>${expected_price}</arg>
<doc>Fails if objects are unequal after converting them to strings.</doc>
<status status="PASS" start="2025-10-29T22:58:04.671985" elapsed="0.004074"/>
</kw>
<kw name="Log Message" owner="CommonKeywords">
<msg time="2025-10-29T22:58:04.676059" level="INFO">Price for item: Sauce Labs Bolt T-Shirt verified successfully. Expected: $15.99, Actual: $15.99</msg>
<arg>Price for item: ${item} verified successfully. Expected: ${expected_price}, Actual: ${actual_price}</arg>
<status status="PASS" start="2025-10-29T22:58:04.676059" elapsed="0.000000"/>
</kw>
<var name="${item}">Sauce Labs Bolt T-Shirt</var>
<var name="${expected_price}">$15.99</var>
<status status="PASS" start="2025-10-29T22:58:04.617763" elapsed="0.058296"/>
</iter>
<var>${item}</var>
<var>${expected_price}</var>
<value>&amp;{item_price_map}</value>
<status status="PASS" start="2025-10-29T22:58:04.538143" elapsed="0.137916"/>
</for>
<arg>${item_price_map}</arg>
<status status="PASS" start="2025-10-29T22:58:04.537138" elapsed="0.138921"/>
</kw>
<kw name="Capture Unique Screenshot" owner="CommonKeywords">
<msg time="2025-10-29T22:58:05.059409" level="INFO" html="true">&lt;/td&gt;&lt;/tr&gt;&lt;tr&gt;&lt;td colspan="3"&gt;&lt;a href="screenshots/End_To_End_Purchase_Flow/item_prices_verified_in_cart.png"&gt;&lt;img src="screenshots/End_To_End_Purchase_Flow/item_prices_verified_in_cart.png" width="800px"&gt;&lt;/a&gt;</msg>
<arg>item_prices_verified_in_cart.png</arg>
<doc>Capture a screenshot with correct window size.
- Creates per-test folders.
- Adds '.png' only if not present.
- Optionally captures the full page (not just viewport).</doc>
<status status="PASS" start="2025-10-29T22:58:04.676059" elapsed="0.383350"/>
</kw>
<kw name="Log Message" owner="CommonKeywords">
<msg time="2025-10-29T22:58:05.059409" level="INFO">All item prices verified in cart successfully</msg>
<arg>All item prices verified in cart successfully</arg>
<status status="PASS" start="2025-10-29T22:58:05.059409" elapsed="0.000000"/>
</kw>
<arg>${Items_map}</arg>
<status status="PASS" start="2025-10-29T22:58:04.537138" elapsed="0.522271"/>
</kw>
<kw name="Proceed to Checkout" owner="add_to_cart_pom">
<kw name="Click Button" owner="SeleniumLibrary">
<msg time="2025-10-29T22:58:05.059409" level="INFO">Clicking button 'id:checkout'.</msg>
<arg>${Checkout_Button}</arg>
<doc>Clicks the button identified by ``locator``.</doc>
<status status="PASS" start="2025-10-29T22:58:05.059409" elapsed="0.105772"/>
</kw>
<kw name="Capture Unique Screenshot" owner="CommonKeywords">
<msg time="2025-10-29T22:58:05.420303" level="INFO" html="true">&lt;/td&gt;&lt;/tr&gt;&lt;tr&gt;&lt;td colspan="3"&gt;&lt;a href="screenshots/End_To_End_Purchase_Flow/proceed_to_checkout.png"&gt;&lt;img src="screenshots/End_To_End_Purchase_Flow/proceed_to_checkout.png" width="800px"&gt;&lt;/a&gt;</msg>
<arg>proceed_to_checkout.png</arg>
<doc>Capture a screenshot with correct window size.
- Creates per-test folders.
- Adds '.png' only if not present.
- Optionally captures the full page (not just viewport).</doc>
<status status="PASS" start="2025-10-29T22:58:05.167446" elapsed="0.252857"/>
</kw>
<kw name="Log Message" owner="CommonKeywords">
<msg time="2025-10-29T22:58:05.421332" level="INFO">Proceeded to Checkout Successfully</msg>
<arg>Proceeded to Checkout Successfully</arg>
<status status="PASS" start="2025-10-29T22:58:05.421332" elapsed="0.000000"/>
</kw>
<status status="PASS" start="2025-10-29T22:58:05.059409" elapsed="0.361923"/>
</kw>
<kw name="Enter Address And Continue" owner="checkout_pom">
<kw name="Wait Until Element Is Visible" owner="SeleniumLibrary">
<arg>${FIRST_NAME_Loc}</arg>
<arg>timeout=10s</arg>
<doc>Waits until the element ``locator`` is visible.</doc>
<status status="PASS" start="2025-10-29T22:58:05.422298" elapsed="0.019612"/>
</kw>
<kw name="Input Text" owner="SeleniumLibrary">
<msg time="2025-10-29T22:58:05.442934" level="INFO">Typing text 'Josh' into text field 'id:first-name'.</msg>
<arg>${FIRST_NAME_Loc}</arg>
<arg>${first_name}</arg>
<doc>Types the given ``text`` into the text field identified by ``locator``.</doc>
<status status="PASS" start="2025-10-29T22:58:05.442934" elapsed="0.060943"/>
</kw>
<kw name="Input Text" owner="SeleniumLibrary">
<msg time="2025-10-29T22:58:05.503877" level="INFO">Typing text 'Doe' into text field 'id:last-name'.</msg>
<arg>${LAST_NAME_Loc}</arg>
<arg>${last_name}</arg>
<doc>Types the given ``text`` into the text field identified by ``locator``.</doc>
<status status="PASS" start="2025-10-29T22:58:05.503877" elapsed="0.067975"/>
</kw>
<kw name="Input Text" owner="SeleniumLibrary">
<msg time="2025-10-29T22:58:05.571852" level="INFO">Typing text '12345' into text field 'id:postal-code'.</msg>
<arg>${POSTAL_CODE_Loc}</arg>
<arg>${postal_code}</arg>
<doc>Types the given ``text`` into the text field identified by ``locator``.</doc>
<status status="PASS" start="2025-10-29T22:58:05.571852" elapsed="0.069195"/>
</kw>
<kw name="Capture Unique Screenshot" owner="CommonKeywords">
<msg time="2025-10-29T22:58:05.888096" level="INFO" html="true">&lt;/td&gt;&lt;/tr&gt;&lt;tr&gt;&lt;td colspan="3"&gt;&lt;a href="screenshots/End_To_End_Purchase_Flow/address_entered.png"&gt;&lt;img src="screenshots/End_To_End_Purchase_Flow/address_entered.png" width="800px"&gt;&lt;/a&gt;</msg>
<arg>address_entered.png</arg>
<doc>Capture a screenshot with correct window size.
- Creates per-test folders.
- Adds '.png' only if not present.
- Optionally captures the full page (not just viewport).</doc>
<status status="PASS" start="2025-10-29T22:58:05.641047" elapsed="0.248154"/>
</kw>
<kw name="Click Button" owner="SeleniumLibrary">
<msg time="2025-10-29T22:58:05.889201" level="INFO">Clicking button 'id:continue'.</msg>
<arg>${CONTINUE_BUTTON}</arg>
<doc>Clicks the button identified by ``locator``.</doc>
<status status="PASS" start="2025-10-29T22:58:05.889201" elapsed="0.090731"/>
</kw>
<kw name="Capture Unique Screenshot" owner="CommonKeywords">
<msg time="2025-10-29T22:58:06.350925" level="INFO" html="true">&lt;/td&gt;&lt;/tr&gt;&lt;tr&gt;&lt;td colspan="3"&gt;&lt;a href="screenshots/End_To_End_Purchase_Flow/after_address_continue.png"&gt;&lt;img src="screenshots/End_To_End_Purchase_Flow/after_address_continue.png" width="800px"&gt;&lt;/a&gt;</msg>
<arg>after_address_continue.png</arg>
<doc>Capture a screenshot with correct window size.
- Creates per-test folders.
- Adds '.png' only if not present.
- Optionally captures the full page (not just viewport).</doc>
<status status="PASS" start="2025-10-29T22:58:05.979932" elapsed="0.370993"/>
</kw>
<kw name="Log Message" owner="CommonKeywords">
<msg time="2025-10-29T22:58:06.367092" level="INFO">Address entered and continued to next step</msg>
<arg>Address entered and continued to next step</arg>
<status status="PASS" start="2025-10-29T22:58:06.350925" elapsed="0.016167"/>
</kw>
<arg>Josh</arg>
<arg>Doe</arg>
<arg>12345</arg>
<status status="PASS" start="2025-10-29T22:58:05.421332" elapsed="0.945760"/>
</kw>
<kw name="Verify the Items in Checkout Page" owner="shipping_pom">
<kw name="Verify Item Prices" owner="add_to_cart_pom">
<for flavor="IN">
<iter>
<kw name="Format Arguments" owner="CommonKeywords">
<msg time="2025-10-29T22:58:06.369249" level="INFO">${item_locator} = xpath://div[@class='inventory_item_name' and text()='Sauce Labs Backpack']</msg>
<var>${item_locator}</var>
<arg>${ITEM_TITLE}</arg>
<arg>${item}</arg>
<doc>An example keyword that takes two arguments.</doc>
<status status="PASS" start="2025-10-29T22:58:06.367092" elapsed="0.002157"/>
</kw>
<kw name="Element Should Be Visible" owner="SeleniumLibrary">
<msg time="2025-10-29T22:58:06.383289" level="INFO">Element 'xpath://div[@class='inventory_item_name' and text()='Sauce Labs Backpack']' is displayed.</msg>
<arg>${item_locator}</arg>
<doc>Verifies that the element identified by ``locator`` is visible.</doc>
<status status="PASS" start="2025-10-29T22:58:06.369249" elapsed="0.015040"/>
</kw>
<kw name="Format Arguments" owner="CommonKeywords">
<msg time="2025-10-29T22:58:06.384289" level="INFO">${price_locator} = //div[normalize-space()='Sauce Labs Backpack']/ancestor::div[@data-test = 'inventory-item']//div[@class='inventory_item_price']</msg>
<var>${price_locator}</var>
<arg>${Item_Price}</arg>
<arg>${item}</arg>
<doc>An example keyword that takes two arguments.</doc>
<status status="PASS" start="2025-10-29T22:58:06.384289" elapsed="0.000000"/>
</kw>
<kw name="Get Text" owner="SeleniumLibrary">
<msg time="2025-10-29T22:58:06.400013" level="INFO">${actual_price} = $29.99</msg>
<var>${actual_price}</var>
<arg>${price_locator}</arg>
<doc>Returns the text value of the element identified by ``locator``.</doc>
<status status="PASS" start="2025-10-29T22:58:06.384289" elapsed="0.015724"/>
</kw>
<kw name="Should Be Equal As Strings" owner="BuiltIn">
<arg>${actual_price}</arg>
<arg>${expected_price}</arg>
<doc>Fails if objects are unequal after converting them to strings.</doc>
<status status="PASS" start="2025-10-29T22:58:06.400013" elapsed="0.000000"/>
</kw>
<kw name="Log Message" owner="CommonKeywords">
<msg time="2025-10-29T22:58:06.401037" level="INFO">Price for item: Sauce Labs Backpack verified successfully. Expected: $29.99, Actual: $29.99</msg>
<arg>Price for item: ${item} verified successfully. Expected: ${expected_price}, Actual: ${actual_price}</arg>
<status status="PASS" start="2025-10-29T22:58:06.401037" elapsed="0.000000"/>
</kw>
<var name="${item}">Sauce Labs Backpack</var>
<var name="${expected_price}">$29.99</var>
<status status="PASS" start="2025-10-29T22:58:06.367092" elapsed="0.033945"/>
</iter>
<iter>
<kw name="Format Arguments" owner="CommonKeywords">
<msg time="2025-10-29T22:58:06.402018" level="INFO">${item_locator} = xpath://div[@class='inventory_item_name' and text()='Sauce Labs Bike Light']</msg>
<var>${item_locator}</var>
<arg>${ITEM_TITLE}</arg>
<arg>${item}</arg>
<doc>An example keyword that takes two arguments.</doc>
<status status="PASS" start="2025-10-29T22:58:06.402018" elapsed="0.000000"/>
</kw>
<kw name="Element Should Be Visible" owner="SeleniumLibrary">
<msg time="2025-10-29T22:58:06.417728" level="INFO">Element 'xpath://div[@class='inventory_item_name' and text()='Sauce Labs Bike Light']' is displayed.</msg>
<arg>${item_locator}</arg>
<doc>Verifies that the element identified by ``locator`` is visible.</doc>
<status status="PASS" start="2025-10-29T22:58:06.403011" elapsed="0.014717"/>
</kw>
<kw name="Format Arguments" owner="CommonKeywords">
<msg time="2025-10-29T22:58:06.418735" level="INFO">${price_locator} = //div[normalize-space()='Sauce Labs Bike Light']/ancestor::div[@data-test = 'inventory-item']//div[@class='inventory_item_price']</msg>
<var>${price_locator}</var>
<arg>${Item_Price}</arg>
<arg>${item}</arg>
<doc>An example keyword that takes two arguments.</doc>
<status status="PASS" start="2025-10-29T22:58:06.418735" elapsed="0.000000"/>
</kw>
<kw name="Get Text" owner="SeleniumLibrary">
<msg time="2025-10-29T22:58:06.430779" level="INFO">${actual_price} = $9.99</msg>
<var>${actual_price}</var>
<arg>${price_locator}</arg>
<doc>Returns the text value of the element identified by ``locator``.</doc>
<status status="PASS" start="2025-10-29T22:58:06.418735" elapsed="0.012044"/>
</kw>
<kw name="Should Be Equal As Strings" owner="BuiltIn">
<arg>${actual_price}</arg>
<arg>${expected_price}</arg>
<doc>Fails if objects are unequal after converting them to strings.</doc>
<status status="PASS" start="2025-10-29T22:58:06.430779" elapsed="0.002005"/>
</kw>
<kw name="Log Message" owner="CommonKeywords">
<msg time="2025-10-29T22:58:06.432784" level="INFO">Price for item: Sauce Labs Bike Light verified successfully. Expected: $9.99, Actual: $9.99</msg>
<arg>Price for item: ${item} verified successfully. Expected: ${expected_price}, Actual: ${actual_price}</arg>
<status status="PASS" start="2025-10-29T22:58:06.432784" elapsed="0.000000"/>
</kw>
<var name="${item}">Sauce Labs Bike Light</var>
<var name="${expected_price}">$9.99</var>
<status status="PASS" start="2025-10-29T22:58:06.402018" elapsed="0.030766"/>
</iter>
<iter>
<kw name="Format Arguments" owner="CommonKeywords">
<msg time="2025-10-29T22:58:06.432784" level="INFO">${item_locator} = xpath://div[@class='inventory_item_name' and text()='Sauce Labs Bolt T-Shirt']</msg>
<var>${item_locator}</var>
<arg>${ITEM_TITLE}</arg>
<arg>${item}</arg>
<doc>An example keyword that takes two arguments.</doc>
<status status="PASS" start="2025-10-29T22:58:06.432784" elapsed="0.000000"/>
</kw>
<kw name="Element Should Be Visible" owner="SeleniumLibrary">
<msg time="2025-10-29T22:58:06.434528" level="INFO">Element 'xpath://div[@class='inventory_item_name' and text()='Sauce Labs Bolt T-Shirt']' is displayed.</msg>
<arg>${item_locator}</arg>
<doc>Verifies that the element identified by ``locator`` is visible.</doc>
<status status="PASS" start="2025-10-29T22:58:06.432784" elapsed="0.001744"/>
</kw>
<kw name="Format Arguments" owner="CommonKeywords">
<msg time="2025-10-29T22:58:06.434528" level="INFO">${price_locator} = //div[normalize-space()='Sauce Labs Bolt T-Shirt']/ancestor::div[@data-test = 'inventory-item']//div[@class='inventory_item_price']</msg>
<var>${price_locator}</var>
<arg>${Item_Price}</arg>
<arg>${item}</arg>
<doc>An example keyword that takes two arguments.</doc>
<status status="PASS" start="2025-10-29T22:58:06.434528" elapsed="0.000000"/>
</kw>
<kw name="Get Text" owner="SeleniumLibrary">
<msg time="2025-10-29T22:58:06.466139" level="INFO">${actual_price} = $15.99</msg>
<var>${actual_price}</var>
<arg>${price_locator}</arg>
<doc>Returns the text value of the element identified by ``locator``.</doc>
<status status="PASS" start="2025-10-29T22:58:06.434528" elapsed="0.031611"/>
</kw>
<kw name="Should Be Equal As Strings" owner="BuiltIn">
<arg>${actual_price}</arg>
<arg>${expected_price}</arg>
<doc>Fails if objects are unequal after converting them to strings.</doc>
<status status="PASS" start="2025-10-29T22:58:06.466139" elapsed="0.000000"/>
</kw>
<kw name="Log Message" owner="CommonKeywords">
<msg time="2025-10-29T22:58:06.466139" level="INFO">Price for item: Sauce Labs Bolt T-Shirt verified successfully. Expected: $15.99, Actual: $15.99</msg>
<arg>Price for item: ${item} verified successfully. Expected: ${expected_price}, Actual: ${actual_price}</arg>
<status status="PASS" start="2025-10-29T22:58:06.466139" elapsed="0.000000"/>
</kw>
<var name="${item}">Sauce Labs Bolt T-Shirt</var>
<var name="${expected_price}">$15.99</var>
<status status="PASS" start="2025-10-29T22:58:06.432784" elapsed="0.033355"/>
</iter>
<var>${item}</var>
<var>${expected_price}</var>
<value>&amp;{item_price_map}</value>
<status status="PASS" start="2025-10-29T22:58:06.367092" elapsed="0.099047"/>
</for>
<arg>${item_price_map}</arg>
<status status="PASS" start="2025-10-29T22:58:06.367092" elapsed="0.099047"/>
</kw>
<kw name="Capture Unique Screenshot" owner="CommonKeywords">
<msg time="2025-10-29T22:58:06.810374" level="INFO" html="true">&lt;/td&gt;&lt;/tr&gt;&lt;tr&gt;&lt;td colspan="3"&gt;&lt;a href="screenshots/End_To_End_Purchase_Flow/items_verified_in_checkout.png"&gt;&lt;img src="screenshots/End_To_End_Purchase_Flow/items_verified_in_checkout.png" width="800px"&gt;&lt;/a&gt;</msg>
<arg>items_verified_in_checkout.png</arg>
<doc>Capture a screenshot with correct window size.
- Creates per-test folders.
- Adds '.png' only if not present.
- Optionally captures the full page (not just viewport).</doc>
<status status="PASS" start="2025-10-29T22:58:06.466139" elapsed="0.344235"/>
</kw>
<kw name="Log Message" owner="CommonKeywords">
<msg time="2025-10-29T22:58:06.816660" level="INFO">All items verified in checkout page successfully</msg>
<arg>All items verified in checkout page successfully</arg>
<status status="PASS" start="2025-10-29T22:58:06.816660" elapsed="0.000000"/>
</kw>
<arg>${Items_map}</arg>
<status status="PASS" start="2025-10-29T22:58:06.367092" elapsed="0.449568"/>
</kw>
<kw name="Verify Price Details in Checkout Page" owner="shipping_pom">
<kw name="Set Variable" owner="BuiltIn">
<msg time="2025-10-29T22:58:06.816660" level="INFO">${calculated_item_total} = 0.00</msg>
<var>${calculated_item_total}</var>
<arg>0.00</arg>
<doc>Returns the given values which can then be assigned to a variables.</doc>
<status status="PASS" start="2025-10-29T22:58:06.816660" elapsed="0.000000"/>
</kw>
<for flavor="IN">
<iter>
<kw name="Remove String" owner="String">
<msg time="2025-10-29T22:58:06.816660" level="INFO">${price_value} = 29.99</msg>
<var>${price_value}</var>
<arg>${price_text}</arg>
<arg>$</arg>
<doc>Removes all ``removables`` from the given ``string``.</doc>
<status status="PASS" start="2025-10-29T22:58:06.816660" elapsed="0.000000"/>
</kw>
<kw name="Convert To Number" owner="BuiltIn">
<msg time="2025-10-29T22:58:06.816660" level="INFO">${price_value} = 29.99</msg>
<var>${price_value}</var>
<arg>${price_value}</arg>
<doc>Converts the given item to a floating point number.</doc>
<status status="PASS" start="2025-10-29T22:58:06.816660" elapsed="0.000000"/>
</kw>
<kw name="Evaluate" owner="BuiltIn">
<msg time="2025-10-29T22:58:06.819409" level="INFO">${calculated_item_total} = 29.99</msg>
<var>${calculated_item_total}</var>
<arg>${calculated_item_total} + ${price_value}</arg>
<doc>Evaluates the given expression in Python and returns the result.</doc>
<status status="PASS" start="2025-10-29T22:58:06.816660" elapsed="0.002749"/>
</kw>
<var name="${item}">Sauce Labs Backpack</var>
<var name="${price_text}">$29.99</var>
<status status="PASS" start="2025-10-29T22:58:06.816660" elapsed="0.002749"/>
</iter>
<iter>
<kw name="Remove String" owner="String">
<msg time="2025-10-29T22:58:06.819409" level="INFO">${price_value} = 9.99</msg>
<var>${price_value}</var>
<arg>${price_text}</arg>
<arg>$</arg>
<doc>Removes all ``removables`` from the given ``string``.</doc>
<status status="PASS" start="2025-10-29T22:58:06.819409" elapsed="0.000000"/>
</kw>
<kw name="Convert To Number" owner="BuiltIn">
<msg time="2025-10-29T22:58:06.820419" level="INFO">${price_value} = 9.99</msg>
<var>${price_value}</var>
<arg>${price_value}</arg>
<doc>Converts the given item to a floating point number.</doc>
<status status="PASS" start="2025-10-29T22:58:06.819409" elapsed="0.001010"/>
</kw>
<kw name="Evaluate" owner="BuiltIn">
<msg time="2025-10-29T22:58:06.820419" level="INFO">${calculated_item_total} = 39.98</msg>
<var>${calculated_item_total}</var>
<arg>${calculated_item_total} + ${price_value}</arg>
<doc>Evaluates the given expression in Python and returns the result.</doc>
<status status="PASS" start="2025-10-29T22:58:06.820419" elapsed="0.000000"/>
</kw>
<var name="${item}">Sauce Labs Bike Light</var>
<var name="${price_text}">$9.99</var>
<status status="PASS" start="2025-10-29T22:58:06.819409" elapsed="0.001010"/>
</iter>
<iter>
<kw name="Remove String" owner="String">
<msg time="2025-10-29T22:58:06.820419" level="INFO">${price_value} = 15.99</msg>
<var>${price_value}</var>
<arg>${price_text}</arg>
<arg>$</arg>
<doc>Removes all ``removables`` from the given ``string``.</doc>
<status status="PASS" start="2025-10-29T22:58:06.820419" elapsed="0.000000"/>
</kw>
<kw name="Convert To Number" owner="BuiltIn">
<msg time="2025-10-29T22:58:06.821419" level="INFO">${price_value} = 15.99</msg>
<var>${price_value}</var>
<arg>${price_value}</arg>
<doc>Converts the given item to a floating point number.</doc>
<status status="PASS" start="2025-10-29T22:58:06.821419" elapsed="0.000000"/>
</kw>
<kw name="Evaluate" owner="BuiltIn">
<msg time="2025-10-29T22:58:06.821419" level="INFO">${calculated_item_total} = 55.97</msg>
<var>${calculated_item_total}</var>
<arg>${calculated_item_total} + ${price_value}</arg>
<doc>Evaluates the given expression in Python and returns the result.</doc>
<status status="PASS" start="2025-10-29T22:58:06.821419" elapsed="0.000000"/>
</kw>
<var name="${item}">Sauce Labs Bolt T-Shirt</var>
<var name="${price_text}">$15.99</var>
<status status="PASS" start="2025-10-29T22:58:06.820419" elapsed="0.001000"/>
</iter>
<var>${item}</var>
<var>${price_text}</var>
<value>&amp;{item_price_map}</value>
<status status="PASS" start="2025-10-29T22:58:06.816660" elapsed="0.004759"/>
</for>
<kw name="Round" owner="CommonKeywords">
<msg time="2025-10-29T22:58:06.822420" level="INFO">${calculated_item_total} = 55.97</msg>
<var>${calculated_item_total}</var>
<arg>${calculated_item_total}</arg>
<arg>2</arg>
<doc>Rounds a number to the specified number of digits.</doc>
<status status="PASS" start="2025-10-29T22:58:06.822420" elapsed="0.000000"/>
</kw>
<kw name="Get Text" owner="SeleniumLibrary">
<msg time="2025-10-29T22:58:06.842375" level="INFO">${item_total_text} = Item total: $55.97</msg>
<var>${item_total_text}</var>
<arg>${ITEM_TOTAL}</arg>
<doc>Returns the text value of the element identified by ``locator``.</doc>
<status status="PASS" start="2025-10-29T22:58:06.822420" elapsed="0.019955"/>
</kw>
<kw name="Remove String" owner="String">
<msg time="2025-10-29T22:58:06.843410" level="INFO">${item_total_value} = 55.97</msg>
<var>${item_total_value}</var>
<arg>${item_total_text}</arg>
<arg>Item total: $</arg>
<doc>Removes all ``removables`` from the given ``string``.</doc>
<status status="PASS" start="2025-10-29T22:58:06.842375" elapsed="0.001035"/>
</kw>
<kw name="Convert To Number" owner="BuiltIn">
<msg time="2025-10-29T22:58:06.843410" level="INFO">${item_total_value} = 55.97</msg>
<var>${item_total_value}</var>
<arg>${item_total_value}</arg>
<doc>Converts the given item to a floating point number.</doc>
<status status="PASS" start="2025-10-29T22:58:06.843410" elapsed="0.000000"/>
</kw>
<kw name="Should Be Equal As Numbers" owner="BuiltIn">
<arg>${calculated_item_total}</arg>
<arg>${item_total_value}</arg>
<doc>Fails if objects are unequal after converting them to real numbers.</doc>
<status status="PASS" start="2025-10-29T22:58:06.843410" elapsed="0.000990"/>
</kw>
<kw name="Log Message" owner="CommonKeywords">
<msg time="2025-10-29T22:58:06.844400" level="INFO">Item total verified successfully: 55.97</msg>
<arg>Item total verified successfully: ${item_total_value}</arg>
<status status="PASS" start="2025-10-29T22:58:06.844400" elapsed="0.000000"/>
</kw>
<arg>${Items_map}</arg>
<status status="PASS" start="2025-10-29T22:58:06.816660" elapsed="0.027740"/>
</kw>
<kw name="Finish Shipping" owner="shipping_pom">
<kw name="Click Button" owner="SeleniumLibrary">
<msg time="2025-10-29T22:58:06.845374" level="INFO">Clicking button 'id:finish'.</msg>
<arg>${FINISH_BUTTON}</arg>
<doc>Clicks the button identified by ``locator``.</doc>
<status status="PASS" start="2025-10-29T22:58:06.845374" elapsed="0.082095"/>
</kw>
<kw name="Capture Unique Screenshot" owner="CommonKeywords">
<msg time="2025-10-29T22:58:07.190293" level="INFO" html="true">&lt;/td&gt;&lt;/tr&gt;&lt;tr&gt;&lt;td colspan="3"&gt;&lt;a href="screenshots/End_To_End_Purchase_Flow/finish_shipping.png"&gt;&lt;img src="screenshots/End_To_End_Purchase_Flow/finish_shipping.png" width="800px"&gt;&lt;/a&gt;</msg>
<arg>finish_shipping.png</arg>
<doc>Capture a screenshot with correct window size.
- Creates per-test folders.
- Adds '.png' only if not present.
- Optionally captures the full page (not just viewport).</doc>
<status status="PASS" start="2025-10-29T22:58:06.927469" elapsed="0.262824"/>
</kw>
<kw name="Log Message" owner="CommonKeywords">
<msg time="2025-10-29T22:58:07.190293" level="INFO">Purchase Completed Successfully</msg>
<arg>Purchase Completed Successfully</arg>
<status status="PASS" start="2025-10-29T22:58:07.190293" elapsed="0.000000"/>
</kw>
<status status="PASS" start="2025-10-29T22:58:06.844400" elapsed="0.345893"/>
</kw>
<kw name="Verify Order Completion" owner="checkout_complete_pom">
<kw name="Element Should Be Visible" owner="SeleniumLibrary">
<msg time="2025-10-29T22:58:07.212688" level="INFO">Element 'xpath://div[@id='checkout_complete_container']/h2[text()='Thank you for your order!']' is displayed.</msg>
<arg>${Order_Complete_Header}</arg>
<doc>Verifies that the element identified by ``locator`` is visible.</doc>
<status status="PASS" start="2025-10-29T22:58:07.190293" elapsed="0.022395"/>
</kw>
<kw name="Capture Unique Screenshot" owner="CommonKeywords">
<msg time="2025-10-29T22:58:07.455141" level="INFO" html="true">&lt;/td&gt;&lt;/tr&gt;&lt;tr&gt;&lt;td colspan="3"&gt;&lt;a href="screenshots/End_To_End_Purchase_Flow/order_complete.png"&gt;&lt;img src="screenshots/End_To_End_Purchase_Flow/order_complete.png" width="800px"&gt;&lt;/a&gt;</msg>
<arg>order_complete.png</arg>
<doc>Capture a screenshot with correct window size.
- Creates per-test folders.
- Adds '.png' only if not present.
- Optionally captures the full page (not just viewport).</doc>
<status status="PASS" start="2025-10-29T22:58:07.213687" elapsed="0.242455"/>
</kw>
<kw name="Log Message" owner="CommonKeywords">
<msg time="2025-10-29T22:58:07.456142" level="INFO">Order Completion Verified Successfully</msg>
<arg>Order Completion Verified Successfully</arg>
<status status="PASS" start="2025-10-29T22:58:07.456142" elapsed="0.000000"/>
</kw>
<status status="PASS" start="2025-10-29T22:58:07.190293" elapsed="0.265849"/>
</kw>
<kw name="Close Browser" owner="SeleniumLibrary">
<doc>Closes the current browser.</doc>
<status status="PASS" start="2025-10-29T22:58:07.456142" elapsed="2.111570"/>
</kw>
<arg>@{ITEMS1}</arg>
<doc>This test case verifies the end-to-end purchase flow on the Sauce Demo website with Verify of prices.</doc>
<status status="PASS" start="2025-10-29T22:58:00.106890" elapsed="9.460822"/>
</kw>
<kw name="End To End Purchase Flow with Validations" owner="E2EScenario">
<kw name="Navigate to the Application" owner="GlobalHooks">
<kw name="Evaluate" owner="BuiltIn">
<msg time="2025-10-29T22:58:09.567712" level="INFO">${browser} = CHROME</msg>
<var>${browser}</var>
<arg>'${browser}'.strip().upper()</arg>
<doc>Evaluates the given expression in Python and returns the result.</doc>
<status status="PASS" start="2025-10-29T22:58:09.567712" elapsed="0.000000"/>
</kw>
<kw name="Set Variable" owner="BuiltIn">
<msg time="2025-10-29T22:58:09.567712" level="INFO">${options_required} = False</msg>
<var>${options_required}</var>
<arg>${False}</arg>
<doc>Returns the given values which can then be assigned to a variables.</doc>
<status status="PASS" start="2025-10-29T22:58:09.567712" elapsed="0.000000"/>
</kw>
<kw name="Set Variable" owner="BuiltIn">
<msg time="2025-10-29T22:58:09.567712" level="INFO">${is_headless} = False</msg>
<var>${is_headless}</var>
<arg>${False}</arg>
<doc>Returns the given values which can then be assigned to a variables.</doc>
<status status="PASS" start="2025-10-29T22:58:09.567712" elapsed="0.000000"/>
</kw>
<if>
<branch type="IF" condition="'CHROME' == '${browser}'">
<kw name="Set Variable" owner="BuiltIn">
<msg time="2025-10-29T22:58:09.567712" level="INFO">${options_required} = True</msg>
<var>${options_required}</var>
<arg>${True}</arg>
<doc>Returns the given values which can then be assigned to a variables.</doc>
<status status="PASS" start="2025-10-29T22:58:09.567712" elapsed="0.000000"/>
</kw>
<kw name="Catenate" owner="BuiltIn">
<msg time="2025-10-29T22:58:09.567712" level="INFO">${browser_headless} = CHROME_HEADLESS</msg>
<var>${browser_headless}</var>
<arg>SEPARATOR=</arg>
<arg>${browser}</arg>
<arg>_HEADLESS</arg>
<doc>Catenates the given items together and returns the resulted string.</doc>
<status status="PASS" start="2025-10-29T22:58:09.567712" elapsed="0.000000"/>
</kw>
<kw name="Run Keyword And Ignore Error" owner="BuiltIn">
<kw name="Set Variable" owner="BuiltIn">
<arg>${${browser_headless}}</arg>
<doc>Returns the given values which can then be assigned to a variables.</doc>
<status status="PASS" start="2025-10-29T22:58:09.567712" elapsed="0.000000"/>
</kw>
<msg time="2025-10-29T22:58:09.567712" level="INFO">${result} = ('PASS', True)</msg>
<var>${result}</var>
<arg>Set Variable</arg>
<arg>${${browser_headless}}</arg>
<doc>Runs the given keyword with the given arguments and ignores possible error.</doc>
<status status="PASS" start="2025-10-29T22:58:09.567712" elapsed="0.000000"/>
</kw>
<kw name="Set Variable If" owner="BuiltIn">
<msg time="2025-10-29T22:58:09.567712" level="INFO">${is_headless} = True</msg>
<var>${is_headless}</var>
<arg>'${result}[0]' == 'PASS'</arg>
<arg>${result}[1]</arg>
<arg>${False}</arg>
<doc>Sets variable based on the given condition.</doc>
<status status="PASS" start="2025-10-29T22:58:09.567712" elapsed="0.000000"/>
</kw>
<status status="PASS" start="2025-10-29T22:58:09.567712" elapsed="0.000000"/>
</branch>
<status status="PASS" start="2025-10-29T22:58:09.567712" elapsed="0.000000"/>
</if>
<if>
<branch type="IF" condition="${options_required}">
<kw name="Evaluate" owner="BuiltIn">
<msg time="2025-10-29T22:58:09.567712" level="INFO">${chrome_options} = &lt;selenium.webdriver.chrome.options.Options object at 0x0000022ABF791DE0&gt;</msg>
<var>${chrome_options}</var>
<arg>sys.modules['selenium.webdriver.chrome.options'].Options()</arg>
<arg>sys</arg>
<doc>Evaluates the given expression in Python and returns the result.</doc>
<status status="PASS" start="2025-10-29T22:58:09.567712" elapsed="0.000000"/>
</kw>
<if>
<branch type="IF" condition="${is_headless}">
<kw name="Log To Console" owner="BuiltIn">
<arg>Running Chrome in Headless Mode.</arg>
<doc>Logs the given message to the console.</doc>
<status status="PASS" start="2025-10-29T22:58:09.567712" elapsed="0.000000"/>
</kw>
<kw name="Call Method" owner="BuiltIn">
<arg>${chrome_options}</arg>
<arg>add_argument</arg>
<arg>--headless</arg>
<doc>Calls the named method of the given object with the provided arguments.</doc>
<status status="PASS" start="2025-10-29T22:58:09.567712" elapsed="0.000000"/>
</kw>
<status status="PASS" start="2025-10-29T22:58:09.567712" elapsed="0.000000"/>
</branch>
<status status="PASS" start="2025-10-29T22:58:09.567712" elapsed="0.000000"/>
</if>
<kw name="Create Dictionary" owner="BuiltIn">
<msg time="2025-10-29T22:58:09.567712" level="INFO">${prefs} = {'credentials_enable_service': False, 'profile.password_manager_enabled': False, 'profile.password_manager_leak_detection': False}</msg>
<var>${prefs}</var>
<arg>credentials_enable_service=${False}</arg>
<arg>profile.password_manager_enabled=${False}</arg>
<arg>profile.password_manager_leak_detection=${False}</arg>
<doc>Creates and returns a dictionary based on the given ``items``.</doc>
<status status="PASS" start="2025-10-29T22:58:09.567712" elapsed="0.000000"/>
</kw>
<kw name="Call Method" owner="BuiltIn">
<arg>${chrome_options}</arg>
<arg>add_experimental_option</arg>
<arg>prefs</arg>
<arg>${prefs}</arg>
<doc>Calls the named method of the given object with the provided arguments.</doc>
<status status="PASS" start="2025-10-29T22:58:09.567712" elapsed="0.000000"/>
</kw>
<kw name="Open Browser" owner="SeleniumLibrary">
<msg time="2025-10-29T22:58:09.567712" level="INFO">Opening browser 'CHROME' to base url 'https://www.saucedemo.com/'.</msg>
<arg>${url}</arg>
<arg>${browser}</arg>
<arg>options=${chrome_options}</arg>
<doc>Opens a new browser instance to the optional ``url``.</doc>
<status status="PASS" start="2025-10-29T22:58:09.567712" elapsed="2.305094"/>
</kw>
<status status="PASS" start="2025-10-29T22:58:09.567712" elapsed="2.305094"/>
</branch>
<branch type="ELSE">
<kw name="Open Browser" owner="SeleniumLibrary">
<arg>${url}</arg>
<arg>${browser}</arg>
<doc>Opens a new browser instance to the optional ``url``.</doc>
<status status="NOT RUN" start="2025-10-29T22:58:11.874086" elapsed="0.000000"/>
</kw>
<status status="NOT RUN" start="2025-10-29T22:58:11.872806" elapsed="0.001280"/>
</branch>
<status status="PASS" start="2025-10-29T22:58:09.567712" elapsed="2.306374"/>
</if>
<kw name="Log Message" owner="CommonKeywords">
<msg time="2025-10-29T22:58:11.876226" level="INFO">Navigated to URL: https://www.saucedemo.com/ using browser: CHROME</msg>
<arg>Navigated to URL: ${url} using browser: ${browser}</arg>
<status status="PASS" start="2025-10-29T22:58:11.875344" elapsed="0.000882"/>
</kw>
<kw name="Maximize Browser Window" owner="SeleniumLibrary">
<doc>Maximizes current browser window.</doc>
<status status="PASS" start="2025-10-29T22:58:11.876226" elapsed="0.035497"/>
</kw>
<arg>${LOGIN_URL}</arg>
<arg>${BROWSER}</arg>
<status status="PASS" start="2025-10-29T22:58:09.567712" elapsed="2.345009"/>
</kw>
<kw name="Login With Credentials" owner="login_pom">
<kw name="Wait Until Element Is Visible" owner="SeleniumLibrary">
<arg>${User_name_loc}</arg>
<arg>timeout=10s</arg>
<doc>Waits until the element ``locator`` is visible.</doc>
<status status="PASS" start="2025-10-29T22:58:11.912721" elapsed="0.025650"/>
</kw>
<kw name="Input Text" owner="SeleniumLibrary">
<msg time="2025-10-29T22:58:11.938983" level="INFO">Typing text 'standard_user' into text field 'id:user-name'.</msg>
<arg>${User_name_loc}</arg>
<arg>${username_val}</arg>
<doc>Types the given ``text`` into the text field identified by ``locator``.</doc>
<status status="PASS" start="2025-10-29T22:58:11.938983" elapsed="0.127372"/>
</kw>
<kw name="Input Text" owner="SeleniumLibrary">
<msg time="2025-10-29T22:58:12.066355" level="INFO">Typing text 'secret_sauce' into text field 'id:password'.</msg>
<arg>${Pass_word_loc}</arg>
<arg>${password_val}</arg>
<doc>Types the given ``text`` into the text field identified by ``locator``.</doc>
<status status="PASS" start="2025-10-29T22:58:12.066355" elapsed="0.108194"/>
</kw>
<kw name="Capture Unique Screenshot" owner="CommonKeywords">
<msg time="2025-10-29T22:58:12.417574" level="INFO" html="true">&lt;/td&gt;&lt;/tr&gt;&lt;tr&gt;&lt;td colspan="3"&gt;&lt;a href="screenshots/End_To_End_Purchase_Flow/login1.png"&gt;&lt;img src="screenshots/End_To_End_Purchase_Flow/login1.png" width="800px"&gt;&lt;/a&gt;</msg>
<arg>login.png</arg>
<doc>Capture a screenshot with correct window size.
- Creates per-test folders.
- Adds '.png' only if not present.
- Optionally captures the full page (not just viewport).</doc>
<status status="PASS" start="2025-10-29T22:58:12.174549" elapsed="0.243025"/>
</kw>
<kw name="Click Button" owner="SeleniumLibrary">
<msg time="2025-10-29T22:58:12.417574" level="INFO">Clicking button 'id:login-button'.</msg>
<arg>${Login_Button}</arg>
<doc>Clicks the button identified by ``locator``.</doc>
<status status="PASS" start="2025-10-29T22:58:12.417574" elapsed="0.123774"/>
</kw>
<kw name="Capture Unique Screenshot" owner="CommonKeywords">
<msg time="2025-10-29T22:58:13.122001" level="INFO" html="true">&lt;/td&gt;&lt;/tr&gt;&lt;tr&gt;&lt;td colspan="3"&gt;&lt;a href="screenshots/End_To_End_Purchase_Flow/after_login1.png"&gt;&lt;img src="screenshots/End_To_End_Purchase_Flow/after_login1.png" width="800px"&gt;&lt;/a&gt;</msg>
<arg>after_login.png</arg>
<doc>Capture a screenshot with correct window size.
- Creates per-test folders.
- Adds '.png' only if not present.
- Optionally captures the full page (not just viewport).</doc>
<status status="PASS" start="2025-10-29T22:58:12.541348" elapsed="0.580653"/>
</kw>
<kw name="Log Message" owner="CommonKeywords">
<msg time="2025-10-29T22:58:13.122001" level="INFO">Logged in successfully with user: standard_user</msg>
<arg>Logged in successfully with user: ${username_val}</arg>
<status status="PASS" start="2025-10-29T22:58:13.122001" elapsed="0.000000"/>
</kw>
<arg>${User_name}</arg>
<arg>${Pass_word}</arg>
<status status="PASS" start="2025-10-29T22:58:11.912721" elapsed="1.210344"/>
</kw>
<kw name="Add Items To Cart" owner="add_to_cart_pom">
<kw name="Create Dictionary" owner="BuiltIn">
<msg time="2025-10-29T22:58:13.123065" level="INFO">${item_price_map} = {}</msg>
<var>${item_price_map}</var>
<doc>Creates and returns a dictionary based on the given ``items``.</doc>
<status status="PASS" start="2025-10-29T22:58:13.123065" elapsed="0.000000"/>
</kw>
<for flavor="IN">
<iter>
<kw name="Log To Console" owner="BuiltIn">
<arg>${item}</arg>
<doc>Logs the given message to the console.</doc>
<status status="PASS" start="2025-10-29T22:58:13.124065" elapsed="0.000000"/>
</kw>
<kw name="Format Arguments" owner="CommonKeywords">
<msg time="2025-10-29T22:58:13.125064" level="INFO">${locator} = xpath://div[@class='inventory_item_name ' and text()='Sauce Labs Onesie']/ancestor::div[@class='inventory_item_description']//button[text()='Add to cart']</msg>
<var>${locator}</var>
<arg>${ADD_ITEM_BUTTON}</arg>
<arg>${item}</arg>
<doc>An example keyword that takes two arguments.</doc>
<status status="PASS" start="2025-10-29T22:58:13.124065" elapsed="0.000999"/>
</kw>
<kw name="Format Arguments" owner="CommonKeywords">
<msg time="2025-10-29T22:58:13.125064" level="INFO">${price_locator} = //div[normalize-space()='Sauce Labs Onesie']/ancestor::div[@data-test = 'inventory-item']//div[@class='inventory_item_price']</msg>
<var>${price_locator}</var>
<arg>${Item_Price}</arg>
<arg>${item}</arg>
<doc>An example keyword that takes two arguments.</doc>
<status status="PASS" start="2025-10-29T22:58:13.125064" elapsed="0.000000"/>
</kw>
<kw name="Get Text" owner="SeleniumLibrary">
<msg time="2025-10-29T22:58:13.139065" level="INFO">${price_text} = $7.99</msg>
<var>${price_text}</var>
<arg>${price_locator}</arg>
<doc>Returns the text value of the element identified by ``locator``.</doc>
<status status="PASS" start="2025-10-29T22:58:13.125064" elapsed="0.014001"/>
</kw>
<kw name="Log Message" owner="CommonKeywords">
<msg time="2025-10-29T22:58:13.139065" level="INFO">Adding item to cart: Sauce Labs Onesie | Price: $7.99</msg>
<arg>Adding item to cart: ${item} | Price: ${price_text}</arg>
<status status="PASS" start="2025-10-29T22:58:13.139065" elapsed="0.000000"/>
</kw>
<kw name="Click Button" owner="SeleniumLibrary">
<msg time="2025-10-29T22:58:13.139065" level="INFO">Clicking button 'xpath://div[@class='inventory_item_name ' and text()='Sauce Labs Onesie']/ancestor::div[@class='inventory_item_description']//button[text()='Add to cart']'.</msg>
<arg>${locator}</arg>
<doc>Clicks the button identified by ``locator``.</doc>
<status status="PASS" start="2025-10-29T22:58:13.139065" elapsed="0.084735"/>
</kw>
<kw name="Set To Dictionary" owner="Collections">
<arg>${item_price_map}</arg>
<arg>${item}=${price_text}</arg>
<doc>Adds the given ``key_value_pairs`` and/or ``items`` to the ``dictionary``.</doc>
<status status="PASS" start="2025-10-29T22:58:13.224800" elapsed="0.000000"/>
</kw>
<var name="${item}">Sauce Labs Onesie</var>
<status status="PASS" start="2025-10-29T22:58:13.124065" elapsed="0.100735"/>
</iter>
<iter>
<kw name="Log To Console" owner="BuiltIn">
<arg>${item}</arg>
<doc>Logs the given message to the console.</doc>
<status status="PASS" start="2025-10-29T22:58:13.225799" elapsed="0.001008"/>
</kw>
<kw name="Format Arguments" owner="CommonKeywords">
<msg time="2025-10-29T22:58:13.227812" level="INFO">${locator} = xpath://div[@class='inventory_item_name ' and text()='Sauce Labs Fleece Jacket']/ancestor::div[@class='inventory_item_description']//button[text()='Add to cart']</msg>
<var>${locator}</var>
<arg>${ADD_ITEM_BUTTON}</arg>
<arg>${item}</arg>
<doc>An example keyword that takes two arguments.</doc>
<status status="PASS" start="2025-10-29T22:58:13.226807" elapsed="0.001005"/>
</kw>
<kw name="Format Arguments" owner="CommonKeywords">
<msg time="2025-10-29T22:58:13.228830" level="INFO">${price_locator} = //div[normalize-space()='Sauce Labs Fleece Jacket']/ancestor::div[@data-test = 'inventory-item']//div[@class='inventory_item_price']</msg>
<var>${price_locator}</var>
<arg>${Item_Price}</arg>
<arg>${item}</arg>
<doc>An example keyword that takes two arguments.</doc>
<status status="PASS" start="2025-10-29T22:58:13.228830" elapsed="0.000000"/>
</kw>
<kw name="Get Text" owner="SeleniumLibrary">
<msg time="2025-10-29T22:58:13.251430" level="INFO">${price_text} = $49.99</msg>
<var>${price_text}</var>
<arg>${price_locator}</arg>
<doc>Returns the text value of the element identified by ``locator``.</doc>
<status status="PASS" start="2025-10-29T22:58:13.229801" elapsed="0.021629"/>
</kw>
<kw name="Log Message" owner="CommonKeywords">
<msg time="2025-10-29T22:58:13.251430" level="INFO">Adding item to cart: Sauce Labs Fleece Jacket | Price: $49.99</msg>
<arg>Adding item to cart: ${item} | Price: ${price_text}</arg>
<status status="PASS" start="2025-10-29T22:58:13.251430" elapsed="0.001000"/>
</kw>
<kw name="Click Button" owner="SeleniumLibrary">
<msg time="2025-10-29T22:58:13.252430" level="INFO">Clicking button 'xpath://div[@class='inventory_item_name ' and text()='Sauce Labs Fleece Jacket']/ancestor::div[@class='inventory_item_description']//button[text()='Add to cart']'.</msg>
<arg>${locator}</arg>
<doc>Clicks the button identified by ``locator``.</doc>
<status status="PASS" start="2025-10-29T22:58:13.252430" elapsed="0.074791"/>
</kw>
<kw name="Set To Dictionary" owner="Collections">
<arg>${item_price_map}</arg>
<arg>${item}=${price_text}</arg>
<doc>Adds the given ``key_value_pairs`` and/or ``items`` to the ``dictionary``.</doc>
<status status="PASS" start="2025-10-29T22:58:13.327221" elapsed="0.000000"/>
</kw>
<var name="${item}">Sauce Labs Fleece Jacket</var>
<status status="PASS" start="2025-10-29T22:58:13.225799" elapsed="0.101422"/>
</iter>
<iter>
<kw name="Log To Console" owner="BuiltIn">
<arg>${item}</arg>
<doc>Logs the given message to the console.</doc>
<status status="PASS" start="2025-10-29T22:58:13.327221" elapsed="0.000000"/>
</kw>
<kw name="Format Arguments" owner="CommonKeywords">
<msg time="2025-10-29T22:58:13.327221" level="INFO">${locator} = xpath://div[@class='inventory_item_name ' and text()='Sauce Labs Backpack']/ancestor::div[@class='inventory_item_description']//button[text()='Add to cart']</msg>
<var>${locator}</var>
<arg>${ADD_ITEM_BUTTON}</arg>
<arg>${item}</arg>
<doc>An example keyword that takes two arguments.</doc>
<status status="PASS" start="2025-10-29T22:58:13.327221" elapsed="0.000000"/>
</kw>
<kw name="Format Arguments" owner="CommonKeywords">
<msg time="2025-10-29T22:58:13.327221" level="INFO">${price_locator} = //div[normalize-space()='Sauce Labs Backpack']/ancestor::div[@data-test = 'inventory-item']//div[@class='inventory_item_price']</msg>
<var>${price_locator}</var>
<arg>${Item_Price}</arg>
<arg>${item}</arg>
<doc>An example keyword that takes two arguments.</doc>
<status status="PASS" start="2025-10-29T22:58:13.327221" elapsed="0.000000"/>
</kw>
<kw name="Get Text" owner="SeleniumLibrary">
<msg time="2025-10-29T22:58:13.348603" level="INFO">${price_text} = $29.99</msg>
<var>${price_text}</var>
<arg>${price_locator}</arg>
<doc>Returns the text value of the element identified by ``locator``.</doc>
<status status="PASS" start="2025-10-29T22:58:13.327221" elapsed="0.021382"/>
</kw>
<kw name="Log Message" owner="CommonKeywords">
<msg time="2025-10-29T22:58:13.349602" level="INFO">Adding item to cart: Sauce Labs Backpack | Price: $29.99</msg>
<arg>Adding item to cart: ${item} | Price: ${price_text}</arg>
<status status="PASS" start="2025-10-29T22:58:13.348603" elapsed="0.000999"/>
</kw>
<kw name="Click Button" owner="SeleniumLibrary">
<msg time="2025-10-29T22:58:13.349602" level="INFO">Clicking button 'xpath://div[@class='inventory_item_name ' and text()='Sauce Labs Backpack']/ancestor::div[@class='inventory_item_description']//button[text()='Add to cart']'.</msg>
<arg>${locator}</arg>
<doc>Clicks the button identified by ``locator``.</doc>
<status status="PASS" start="2025-10-29T22:58:13.349602" elapsed="0.076948"/>
</kw>
<kw name="Set To Dictionary" owner="Collections">
<arg>${item_price_map}</arg>
<arg>${item}=${price_text}</arg>
<doc>Adds the given ``key_value_pairs`` and/or ``items`` to the ``dictionary``.</doc>
<status status="PASS" start="2025-10-29T22:58:13.426550" elapsed="0.000000"/>
</kw>
<var name="${item}">Sauce Labs Backpack</var>
<status status="PASS" start="2025-10-29T22:58:13.327221" elapsed="0.099329"/>
</iter>
<var>${item}</var>
<value>@{items}</value>
<status status="PASS" start="2025-10-29T22:58:13.124065" elapsed="0.302485"/>
</for>
<kw name="Log Message" owner="CommonKeywords">
<msg time="2025-10-29T22:58:13.428943" level="INFO">Items added to cart successfully: ['Sauce Labs Onesie', 'Sauce Labs Fleece Jacket', 'Sauce Labs Backpack']</msg>
<arg>Items added to cart successfully: @{items}</arg>
<status status="PASS" start="2025-10-29T22:58:13.426550" elapsed="0.002393"/>
</kw>
<return>
<value>${item_price_map}</value>
<status status="PASS" start="2025-10-29T22:58:13.428943" elapsed="0.000000"/>
</return>
<msg time="2025-10-29T22:58:13.428943" level="INFO">${Items_map} = {'Sauce Labs Onesie': '$7.99', 'Sauce Labs Fleece Jacket': '$49.99', 'Sauce Labs Backpack': '$29.99'}</msg>
<var>${Items_map}</var>
<arg>@{ITEMS}</arg>
<status status="PASS" start="2025-10-29T22:58:13.123065" elapsed="0.305878"/>
</kw>
<kw name="Verify the Cart Count" owner="add_to_cart_pom">
<kw name="Get Text" owner="SeleniumLibrary">
<msg time="2025-10-29T22:58:13.447643" level="INFO">${cart_count} = 3</msg>
<var>${cart_count}</var>
<arg>${CART_ICON}</arg>
<doc>Returns the text value of the element identified by ``locator``.</doc>
<status status="PASS" start="2025-10-29T22:58:13.428943" elapsed="0.018700"/>
</kw>
<kw name="Get Length" owner="BuiltIn">
<msg time="2025-10-29T22:58:13.447643" level="INFO">Length is 3.</msg>
<msg time="2025-10-29T22:58:13.447643" level="INFO">${expected_count} = 3</msg>
<var>${expected_count}</var>
<arg>${items}</arg>
<doc>Returns and logs the length of the given item as an integer.</doc>
<status status="PASS" start="2025-10-29T22:58:13.447643" elapsed="0.000000"/>
</kw>
<kw name="Should Be Equal As Strings" owner="BuiltIn">
<msg time="2025-10-29T22:58:13.448643" level="INFO">Argument types are:
&lt;class 'str'&gt;
&lt;class 'int'&gt;</msg>
<arg>${cart_count}</arg>
<arg>${expected_count}</arg>
<doc>Fails if objects are unequal after converting them to strings.</doc>
<status status="PASS" start="2025-10-29T22:58:13.447643" elapsed="0.001000"/>
</kw>
<kw name="Log Message" owner="CommonKeywords">
<msg time="2025-10-29T22:58:13.448643" level="INFO">Items added to cart:3 verified cart count: 3</msg>
<arg>Items added to cart:${expected_count} verified cart count: ${cart_count}</arg>
<status status="PASS" start="2025-10-29T22:58:13.448643" elapsed="0.000000"/>
</kw>
<kw name="Capture Unique Screenshot" owner="CommonKeywords">
<msg time="2025-10-29T22:58:13.915472" level="INFO" html="true">&lt;/td&gt;&lt;/tr&gt;&lt;tr&gt;&lt;td colspan="3"&gt;&lt;a href="screenshots/End_To_End_Purchase_Flow/items_added_to_cart1.png"&gt;&lt;img src="screenshots/End_To_End_Purchase_Flow/items_added_to_cart1.png" width="800px"&gt;&lt;/a&gt;</msg>
<arg>items_added_to_cart.png</arg>
<doc>Capture a screenshot with correct window size.
- Creates per-test folders.
- Adds '.png' only if not present.
- Optionally captures the full page (not just viewport).</doc>
<status status="PASS" start="2025-10-29T22:58:13.448643" elapsed="0.467827"/>
</kw>
<arg>@{ITEMS}</arg>
<status status="PASS" start="2025-10-29T22:58:13.428943" elapsed="0.487527"/>
</kw>
<kw name="Go to Cart" owner="add_to_cart_pom">
<kw name="Click Element" owner="SeleniumLibrary">
<msg time="2025-10-29T22:58:13.917470" level="INFO">Clicking element 'id:shopping_cart_container'.</msg>
<arg>${CART_ICON}</arg>
<doc>Click the element identified by ``locator``.</doc>
<status status="PASS" start="2025-10-29T22:58:13.917470" elapsed="0.062555"/>
</kw>
<status status="PASS" start="2025-10-29T22:58:13.916470" elapsed="0.063555"/>
</kw>
<kw name="Verify Item Prices in Cart" owner="add_to_cart_pom">
<kw name="Verify Item Prices" owner="add_to_cart_pom">
<for flavor="IN">
<iter>
<kw name="Format Arguments" owner="CommonKeywords">
[...]
<var>${item_locator}</var>
<arg>${ITEM_TITLE}</arg>
<arg>${item}</arg>
<doc>An example keyword that takes two arguments.</doc>
<status status="PASS" start="2025-10-29T22:58:15.840039" elapsed="0.000000"/>
</kw>
<kw name="Element Should Be Visible" owner="SeleniumLibrary">
<msg time="2025-10-29T22:58:15.871796" level="INFO">Element 'xpath://div[@class='inventory_item_name' and text()='Sauce Labs Fleece Jacket']' is displayed.</msg>
<arg>${item_locator}</arg>
<doc>Verifies that the element identified by ``locator`` is visible.</doc>
<status status="PASS" start="2025-10-29T22:58:15.840039" elapsed="0.031757"/>
</kw>
<kw name="Format Arguments" owner="CommonKeywords">
<msg time="2025-10-29T22:58:15.871796" level="INFO">${price_locator} = //div[normalize-space()='Sauce Labs Fleece Jacket']/ancestor::div[@data-test = 'inventory-item']//div[@class='inventory_item_price']</msg>
<var>${price_locator}</var>
<arg>${Item_Price}</arg>
<arg>${item}</arg>
<doc>An example keyword that takes two arguments.</doc>
<status status="PASS" start="2025-10-29T22:58:15.871796" elapsed="0.000000"/>
</kw>
<kw name="Get Text" owner="SeleniumLibrary">
<msg time="2025-10-29T22:58:15.903472" level="INFO">${actual_price} = $49.99</msg>
<var>${actual_price}</var>
<arg>${price_locator}</arg>
<doc>Returns the text value of the element identified by ``locator``.</doc>
<status status="PASS" start="2025-10-29T22:58:15.871796" elapsed="0.031676"/>
</kw>
<kw name="Should Be Equal As Strings" owner="BuiltIn">
<arg>${actual_price}</arg>
<arg>${expected_price}</arg>
<doc>Fails if objects are unequal after converting them to strings.</doc>
<status status="PASS" start="2025-10-29T22:58:15.903472" elapsed="0.000000"/>
</kw>
<kw name="Log Message" owner="CommonKeywords">
<msg time="2025-10-29T22:58:15.903472" level="INFO">Price for item: Sauce Labs Fleece Jacket verified successfully. Expected: $49.99, Actual: $49.99</msg>
<arg>Price for item: ${item} verified successfully. Expected: ${expected_price}, Actual: ${actual_price}</arg>
<status status="PASS" start="2025-10-29T22:58:15.903472" elapsed="0.000000"/>
</kw>
<var name="${item}">Sauce Labs Fleece Jacket</var>
<var name="${expected_price}">$49.99</var>
<status status="PASS" start="2025-10-29T22:58:15.840039" elapsed="0.063433"/>
</iter>
<iter>
<kw name="Format Arguments" owner="CommonKeywords">
<msg time="2025-10-29T22:58:15.903472" level="INFO">${item_locator} = xpath://div[@class='inventory_item_name' and text()='Sauce Labs Backpack']</msg>
<var>${item_locator}</var>
<arg>${ITEM_TITLE}</arg>
<arg>${item}</arg>
<doc>An example keyword that takes two arguments.</doc>
<status status="PASS" start="2025-10-29T22:58:15.903472" elapsed="0.000000"/>
</kw>
<kw name="Element Should Be Visible" owner="SeleniumLibrary">
<msg time="2025-10-29T22:58:15.928064" level="INFO">Element 'xpath://div[@class='inventory_item_name' and text()='Sauce Labs Backpack']' is displayed.</msg>
<arg>${item_locator}</arg>
<doc>Verifies that the element identified by ``locator`` is visible.</doc>
<status status="PASS" start="2025-10-29T22:58:15.903472" elapsed="0.024592"/>
</kw>
<kw name="Format Arguments" owner="CommonKeywords">
<msg time="2025-10-29T22:58:15.929062" level="INFO">${price_locator} = //div[normalize-space()='Sauce Labs Backpack']/ancestor::div[@data-test = 'inventory-item']//div[@class='inventory_item_price']</msg>
<var>${price_locator}</var>
<arg>${Item_Price}</arg>
<arg>${item}</arg>
<doc>An example keyword that takes two arguments.</doc>
<status status="PASS" start="2025-10-29T22:58:15.929062" elapsed="0.000000"/>
</kw>
<kw name="Get Text" owner="SeleniumLibrary">
<msg time="2025-10-29T22:58:15.949870" level="INFO">${actual_price} = $29.99</msg>
<var>${actual_price}</var>
<arg>${price_locator}</arg>
<doc>Returns the text value of the element identified by ``locator``.</doc>
<status status="PASS" start="2025-10-29T22:58:15.929062" elapsed="0.020808"/>
</kw>
<kw name="Should Be Equal As Strings" owner="BuiltIn">
<arg>${actual_price}</arg>
<arg>${expected_price}</arg>
<doc>Fails if objects are unequal after converting them to strings.</doc>
<status status="PASS" start="2025-10-29T22:58:15.949870" elapsed="0.000000"/>
</kw>
<kw name="Log Message" owner="CommonKeywords">
<msg time="2025-10-29T22:58:15.949870" level="INFO">Price for item: Sauce Labs Backpack verified successfully. Expected: $29.99, Actual: $29.99</msg>
<arg>Price for item: ${item} verified successfully. Expected: ${expected_price}, Actual: ${actual_price}</arg>
<status status="PASS" start="2025-10-29T22:58:15.949870" elapsed="0.000000"/>
</kw>
<var name="${item}">Sauce Labs Backpack</var>
<var name="${expected_price}">$29.99</var>
<status status="PASS" start="2025-10-29T22:58:15.903472" elapsed="0.046398"/>
</iter>
<var>${item}</var>
<var>${expected_price}</var>
<value>&amp;{item_price_map}</value>
<status status="PASS" start="2025-10-29T22:58:15.809227" elapsed="0.140643"/>
</for>
<arg>${item_price_map}</arg>
<status status="PASS" start="2025-10-29T22:58:15.809227" elapsed="0.140643"/>
</kw>
<kw name="Capture Unique Screenshot" owner="CommonKeywords">
<msg time="2025-10-29T22:58:16.303541" level="INFO" html="true">&lt;/td&gt;&lt;/tr&gt;&lt;tr&gt;&lt;td colspan="3"&gt;&lt;a href="screenshots/End_To_End_Purchase_Flow/items_verified_in_checkout1.png"&gt;&lt;img src="screenshots/End_To_End_Purchase_Flow/items_verified_in_checkout1.png" width="800px"&gt;&lt;/a&gt;</msg>
<arg>items_verified_in_checkout.png</arg>
<doc>Capture a screenshot with correct window size.
- Creates per-test folders.
- Adds '.png' only if not present.
- Optionally captures the full page (not just viewport).</doc>
<status status="PASS" start="2025-10-29T22:58:15.949870" elapsed="0.353671"/>
</kw>
<kw name="Log Message" owner="CommonKeywords">
<msg time="2025-10-29T22:58:16.303541" level="INFO">All items verified in checkout page successfully</msg>
<arg>All items verified in checkout page successfully</arg>
<status status="PASS" start="2025-10-29T22:58:16.303541" elapsed="0.000000"/>
</kw>
<arg>${Items_map}</arg>
<status status="PASS" start="2025-10-29T22:58:15.808260" elapsed="0.495281"/>
</kw>
<kw name="Verify Price Details in Checkout Page" owner="shipping_pom">
<kw name="Set Variable" owner="BuiltIn">
<msg time="2025-10-29T22:58:16.303541" level="INFO">${calculated_item_total} = 0.00</msg>
<var>${calculated_item_total}</var>
<arg>0.00</arg>
<doc>Returns the given values which can then be assigned to a variables.</doc>
<status status="PASS" start="2025-10-29T22:58:16.303541" elapsed="0.000000"/>
</kw>
<for flavor="IN">
<iter>
<kw name="Remove String" owner="String">
<msg time="2025-10-29T22:58:16.303541" level="INFO">${price_value} = 7.99</msg>
<var>${price_value}</var>
<arg>${price_text}</arg>
<arg>$</arg>
<doc>Removes all ``removables`` from the given ``string``.</doc>
<status status="PASS" start="2025-10-29T22:58:16.303541" elapsed="0.000000"/>
</kw>
<kw name="Convert To Number" owner="BuiltIn">
<msg time="2025-10-29T22:58:16.303541" level="INFO">${price_value} = 7.99</msg>
<var>${price_value}</var>
<arg>${price_value}</arg>
<doc>Converts the given item to a floating point number.</doc>
<status status="PASS" start="2025-10-29T22:58:16.303541" elapsed="0.000000"/>
</kw>
<kw name="Evaluate" owner="BuiltIn">
<msg time="2025-10-29T22:58:16.303541" level="INFO">${calculated_item_total} = 7.99</msg>
<var>${calculated_item_total}</var>
<arg>${calculated_item_total} + ${price_value}</arg>
<doc>Evaluates the given expression in Python and returns the result.</doc>
<status status="PASS" start="2025-10-29T22:58:16.303541" elapsed="0.000000"/>
</kw>
<var name="${item}">Sauce Labs Onesie</var>
<var name="${price_text}">$7.99</var>
<status status="PASS" start="2025-10-29T22:58:16.303541" elapsed="0.000000"/>
</iter>
<iter>
<kw name="Remove String" owner="String">
<msg time="2025-10-29T22:58:16.303541" level="INFO">${price_value} = 49.99</msg>
<var>${price_value}</var>
<arg>${price_text}</arg>
<arg>$</arg>
<doc>Removes all ``removables`` from the given ``string``.</doc>
<status status="PASS" start="2025-10-29T22:58:16.303541" elapsed="0.000000"/>
</kw>
<kw name="Convert To Number" owner="BuiltIn">
<msg time="2025-10-29T22:58:16.303541" level="INFO">${price_value} = 49.99</msg>
<var>${price_value}</var>
<arg>${price_value}</arg>
<doc>Converts the given item to a floating point number.</doc>
<status status="PASS" start="2025-10-29T22:58:16.303541" elapsed="0.000000"/>
</kw>
<kw name="Evaluate" owner="BuiltIn">
<msg time="2025-10-29T22:58:16.303541" level="INFO">${calculated_item_total} = 57.980000000000004</msg>
<var>${calculated_item_total}</var>
<arg>${calculated_item_total} + ${price_value}</arg>
<doc>Evaluates the given expression in Python and returns the result.</doc>
<status status="PASS" start="2025-10-29T22:58:16.303541" elapsed="0.000000"/>
</kw>
<var name="${item}">Sauce Labs Fleece Jacket</var>
<var name="${price_text}">$49.99</var>
<status status="PASS" start="2025-10-29T22:58:16.303541" elapsed="0.000000"/>
</iter>
<iter>
<kw name="Remove String" owner="String">
<msg time="2025-10-29T22:58:16.303541" level="INFO">${price_value} = 29.99</msg>
<var>${price_value}</var>
<arg>${price_text}</arg>
<arg>$</arg>
<doc>Removes all ``removables`` from the given ``string``.</doc>
<status status="PASS" start="2025-10-29T22:58:16.303541" elapsed="0.000000"/>
</kw>
<kw name="Convert To Number" owner="BuiltIn">
<msg time="2025-10-29T22:58:16.303541" level="INFO">${price_value} = 29.99</msg>
<var>${price_value}</var>
<arg>${price_value}</arg>
<doc>Converts the given item to a floating point number.</doc>
<status status="PASS" start="2025-10-29T22:58:16.303541" elapsed="0.000000"/>
</kw>
<kw name="Evaluate" owner="BuiltIn">
<msg time="2025-10-29T22:58:16.303541" level="INFO">${calculated_item_total} = 87.97</msg>
<var>${calculated_item_total}</var>
<arg>${calculated_item_total} + ${price_value}</arg>
<doc>Evaluates the given expression in Python and returns the result.</doc>
<status status="PASS" start="2025-10-29T22:58:16.303541" elapsed="0.000000"/>
</kw>
<var name="${item}">Sauce Labs Backpack</var>
<var name="${price_text}">$29.99</var>
<status status="PASS" start="2025-10-29T22:58:16.303541" elapsed="0.000000"/>
</iter>
<var>${item}</var>
<var>${price_text}</var>
<value>&amp;{item_price_map}</value>
<status status="PASS" start="2025-10-29T22:58:16.303541" elapsed="0.000000"/>
</for>
<kw name="Round" owner="CommonKeywords">
<msg time="2025-10-29T22:58:16.303541" level="INFO">${calculated_item_total} = 87.97</msg>
<var>${calculated_item_total}</var>
<arg>${calculated_item_total}</arg>
<arg>2</arg>
<doc>Rounds a number to the specified number of digits.</doc>
<status status="PASS" start="2025-10-29T22:58:16.303541" elapsed="0.000000"/>
</kw>
<kw name="Get Text" owner="SeleniumLibrary">
<msg time="2025-10-29T22:58:16.337108" level="INFO">${item_total_text} = Item total: $87.97</msg>
<var>${item_total_text}</var>
<arg>${ITEM_TOTAL}</arg>
<doc>Returns the text value of the element identified by ``locator``.</doc>
<status status="PASS" start="2025-10-29T22:58:16.303541" elapsed="0.033567"/>
</kw>
<kw name="Remove String" owner="String">
<msg time="2025-10-29T22:58:16.338102" level="INFO">${item_total_value} = 87.97</msg>
<var>${item_total_value}</var>
<arg>${item_total_text}</arg>
<arg>Item total: $</arg>
<doc>Removes all ``removables`` from the given ``string``.</doc>
<status status="PASS" start="2025-10-29T22:58:16.338102" elapsed="0.000000"/>
</kw>
<kw name="Convert To Number" owner="BuiltIn">
<msg time="2025-10-29T22:58:16.338102" level="INFO">${item_total_value} = 87.97</msg>
<var>${item_total_value}</var>
<arg>${item_total_value}</arg>
<doc>Converts the given item to a floating point number.</doc>
<status status="PASS" start="2025-10-29T22:58:16.338102" elapsed="0.000000"/>
</kw>
<kw name="Should Be Equal As Numbers" owner="BuiltIn">
<arg>${calculated_item_total}</arg>
<arg>${item_total_value}</arg>
<doc>Fails if objects are unequal after converting them to real numbers.</doc>
<status status="PASS" start="2025-10-29T22:58:16.338102" elapsed="0.001000"/>
</kw>
<kw name="Log Message" owner="CommonKeywords">
<msg time="2025-10-29T22:58:16.339102" level="INFO">Item total verified successfully: 87.97</msg>
<arg>Item total verified successfully: ${item_total_value}</arg>
<status status="PASS" start="2025-10-29T22:58:16.339102" elapsed="0.000716"/>
</kw>
<arg>${Items_map}</arg>
<status status="PASS" start="2025-10-29T22:58:16.303541" elapsed="0.036277"/>
</kw>
<kw name="Finish Shipping" owner="shipping_pom">
<kw name="Click Button" owner="SeleniumLibrary">
<msg time="2025-10-29T22:58:16.339818" level="INFO">Clicking button 'id:finish'.</msg>
<arg>${FINISH_BUTTON}</arg>
<doc>Clicks the button identified by ``locator``.</doc>
<status status="PASS" start="2025-10-29T22:58:16.339818" elapsed="0.080103"/>
</kw>
<kw name="Capture Unique Screenshot" owner="CommonKeywords">
<msg time="2025-10-29T22:58:16.674269" level="INFO" html="true">&lt;/td&gt;&lt;/tr&gt;&lt;tr&gt;&lt;td colspan="3"&gt;&lt;a href="screenshots/End_To_End_Purchase_Flow/finish_shipping1.png"&gt;&lt;img src="screenshots/End_To_End_Purchase_Flow/finish_shipping1.png" width="800px"&gt;&lt;/a&gt;</msg>
<arg>finish_shipping.png</arg>
<doc>Capture a screenshot with correct window size.
- Creates per-test folders.
- Adds '.png' only if not present.
- Optionally captures the full page (not just viewport).</doc>
<status status="PASS" start="2025-10-29T22:58:16.419921" elapsed="0.254348"/>
</kw>
<kw name="Log Message" owner="CommonKeywords">
<msg time="2025-10-29T22:58:16.674269" level="INFO">Purchase Completed Successfully</msg>
<arg>Purchase Completed Successfully</arg>
<status status="PASS" start="2025-10-29T22:58:16.674269" elapsed="0.000000"/>
</kw>
<status status="PASS" start="2025-10-29T22:58:16.339818" elapsed="0.334451"/>
</kw>
<kw name="Verify Order Completion" owner="checkout_complete_pom">
<kw name="Element Should Be Visible" owner="SeleniumLibrary">
<msg time="2025-10-29T22:58:16.693922" level="INFO">Element 'xpath://div[@id='checkout_complete_container']/h2[text()='Thank you for your order!']' is displayed.</msg>
<arg>${Order_Complete_Header}</arg>
<doc>Verifies that the element identified by ``locator`` is visible.</doc>
<status status="PASS" start="2025-10-29T22:58:16.674269" elapsed="0.019653"/>
</kw>
<kw name="Capture Unique Screenshot" owner="CommonKeywords">
<msg time="2025-10-29T22:58:16.943481" level="INFO" html="true">&lt;/td&gt;&lt;/tr&gt;&lt;tr&gt;&lt;td colspan="3"&gt;&lt;a href="screenshots/End_To_End_Purchase_Flow/order_complete1.png"&gt;&lt;img src="screenshots/End_To_End_Purchase_Flow/order_complete1.png" width="800px"&gt;&lt;/a&gt;</msg>
<arg>order_complete.png</arg>
<doc>Capture a screenshot with correct window size.
- Creates per-test folders.
- Adds '.png' only if not present.
- Optionally captures the full page (not just viewport).</doc>
<status status="PASS" start="2025-10-29T22:58:16.693922" elapsed="0.249559"/>
</kw>
<kw name="Log Message" owner="CommonKeywords">
<msg time="2025-10-29T22:58:16.944510" level="INFO">Order Completion Verified Successfully</msg>
<arg>Order Completion Verified Successfully</arg>
<status status="PASS" start="2025-10-29T22:58:16.944510" elapsed="0.000000"/>
</kw>
<status status="PASS" start="2025-10-29T22:58:16.674269" elapsed="0.270241"/>
</kw>
<kw name="Close Browser" owner="SeleniumLibrary">
<doc>Closes the current browser.</doc>
<status status="PASS" start="2025-10-29T22:58:16.944510" elapsed="2.127811"/>
</kw>
<arg>@{ITEMS2}</arg>
<doc>This test case verifies the end-to-end purchase flow on the Sauce Demo website with Verify of prices.</doc>
<status status="PASS" start="2025-10-29T22:58:09.567712" elapsed="9.504609"/>
</kw>
<kw name="Stop Test Video Recording" owner="GlobalHooks" type="TEARDOWN">
<kw name="Video Record Path" owner="GlobalHooks">
<kw name="Stop Video Recording" owner="ScreenCapLibrary">
<msg time="2025-10-29T22:58:19.088041" level="INFO" html="true">&lt;a href="recording_1.webm"&gt;&lt;video width="800px" autoplay&gt;&lt;source src="recording_1.webm" type="video/webm"&gt;&lt;/video&gt;&lt;/a&gt;</msg>
<msg time="2025-10-29T22:58:19.088041" level="INFO">${generic_path} = C:\Users\91801\PycharmProjects\SauseLabs_ui_automation_with_robotFramework\Reports\20252910_225757\recording_1.webm</msg>
<var>${generic_path}</var>
<doc>Stops the video recording corresponding to the given ``alias`` and generates the file in WebM format. If no
``alias`` is specified, the last opened recording will be closed. If there are more recordings with the same
alias all of them will be closed. If ``embed`` argument was set to
``True`` the video will be displayed in the log file.
Furthermore, if the ``save_to_disk`` parameter is set to ``False``, the video will be embedded and available in
the log file only.</doc>
<status status="PASS" start="2025-10-29T22:58:19.072321" elapsed="0.015720"/>
</kw>
<kw name="Create Directory" owner="OperatingSystem">
<msg time="2025-10-29T22:58:19.088041" level="INFO" html="true">Created directory '&lt;a href="file://C:\Users\91801\PycharmProjects\SauseLabs_ui_automation_with_robotFramework\Reports\20252910_225757\videos"&gt;C:\Users\91801\PycharmProjects\SauseLabs_ui_automation_with_robotFramework\Reports\20252910_225757\videos&lt;/a&gt;'.</msg>
<arg>${VIDEO_DIR}</arg>
<doc>Creates the specified directory.</doc>
<status status="PASS" start="2025-10-29T22:58:19.088041" elapsed="0.000000"/>
</kw>
<kw name="Move File" owner="OperatingSystem">
<msg time="2025-10-29T22:58:19.088041" level="INFO" html="true">Moved file from '&lt;a href="file://C:\Users\91801\PycharmProjects\SauseLabs_ui_automation_with_robotFramework\Reports\20252910_225757\recording_1.webm"&gt;C:\Users\91801\PycharmProjects\SauseLabs_ui_automation_with_robotFramework\Reports\20252910_225757\recording_1.webm&lt;/a&gt;' to '&lt;a href="file://C:\Users\91801\PycharmProjects\SauseLabs_ui_automation_with_robotFramework\Reports\20252910_225757\videos\End_To_End_Purchase_Flow.webm"&gt;C:\Users\91801\PycharmProjects\SauseLabs_ui_automation_with_robotFramework\Reports\20252910_225757\videos\End_To_End_Purchase_Flow.webm&lt;/a&gt;'.</msg>
<arg>${generic_path}</arg>
<arg>${final_video_path}</arg>
<doc>Moves the source file into the destination.</doc>
<status status="PASS" start="2025-10-29T22:58:19.088041" elapsed="0.000000"/>
</kw>
<return>
<value>videos${/}${sanitized_name}.webm</value>
<status status="PASS" start="2025-10-29T22:58:19.088041" elapsed="0.000000"/>
</return>
<msg time="2025-10-29T22:58:19.088041" level="INFO">${link_path} = videos\End_To_End_Purchase_Flow.webm</msg>
<var>${link_path}</var>
<status status="PASS" start="2025-10-29T22:58:19.072321" elapsed="0.015720"/>
</kw>
<kw name="Log" owner="BuiltIn">
<msg time="2025-10-29T22:58:19.088041" level="INFO" html="true">&lt;a href="videos\End_To_End_Purchase_Flow.webm"&gt;🎥 Watch End To End Purchase Flow Video&lt;/a&gt;</msg>
<arg>&lt;a href="${link_path}"&gt;🎥 Watch ${TEST NAME} Video&lt;/a&gt;</arg>
<arg>html=True</arg>
<doc>Logs the given message with the given level.</doc>
<status status="PASS" start="2025-10-29T22:58:19.088041" elapsed="0.000000"/>
</kw>
<status status="PASS" start="2025-10-29T22:58:19.072321" elapsed="0.015720"/>
</kw>
<tag>e2e</tag>
<status status="PASS" start="2025-10-29T22:57:57.990323" elapsed="21.113495"/>
</test>
<status status="PASS" start="2025-10-29T22:57:57.626324" elapsed="21.477494"/>
</suite>
<status status="PASS" start="2025-10-29T22:57:57.594386" elapsed="21.509432"/>
</suite>
<statistics>
<total>
<stat pass="1" fail="0" skip="0">All Tests</stat>
</total>
<tag>
<stat pass="1" fail="0" skip="0">e2e</stat>
</tag>
<suite>
<stat pass="1" fail="0" skip="0" id="s1" name="Testcases">Testcases</stat>
<stat pass="1" fail="0" skip="0" id="s1-s1" name="E2EScenario">Testcases.E2EScenario</stat>
</suite>
</statistics>
<errors>
</errors>
</robot>
